{"C:\\Users\\27296\\Desktop\\my-ai-project\\src\\components\\MistakeBook.jsx": {"path":"C:\\Users\\27296\\Desktop\\my-ai-project\\src\\components\\MistakeBook.jsx","statementMap":{"0":{"start":{"line":7,"column":10},"end":{"line":7,"column":28}},"1":{"start":{"line":8,"column":21},"end":{"line":8,"column":48}},"2":{"start":{"line":9,"column":21},"end":{"line":9,"column":48}},"3":{"start":{"line":10,"column":21},"end":{"line":10,"column":51}},"4":{"start":{"line":11,"column":22},"end":{"line":11,"column":52}},"5":{"start":{"line":12,"column":19},"end":{"line":12,"column":86}},"6":{"start":{"line":13,"column":24},"end":{"line":13,"column":54}},"7":{"start":{"line":14,"column":17},"end":{"line":14,"column":93}},"8":{"start":{"line":15,"column":17},"end":{"line":15,"column":39}},"9":{"start":{"line":16,"column":22},"end":{"line":16,"column":null}},"10":{"start":{"line":17,"column":10},"end":{"line":17,"column":42}},"11":{"start":{"line":19,"column":4},"end":{"line":22,"column":null}},"12":{"start":{"line":20,"column":8},"end":{"line":20,"column":null}},"13":{"start":{"line":21,"column":8},"end":{"line":21,"column":null}},"14":{"start":{"line":24,"column":4},"end":{"line":24,"column":null}},"15":{"start":{"line":24,"column":22},"end":{"line":24,"column":40}},"16":{"start":{"line":27,"column":10},"end":{"line":34,"column":null}},"17":{"start":{"line":28,"column":20},"end":{"line":28,"column":null}},"18":{"start":{"line":29,"column":8},"end":{"line":29,"column":null}},"19":{"start":{"line":30,"column":8},"end":{"line":30,"column":null}},"20":{"start":{"line":30,"column":39},"end":{"line":30,"column":null}},"21":{"start":{"line":31,"column":8},"end":{"line":34,"column":null}},"22":{"start":{"line":32,"column":12},"end":{"line":32,"column":null}},"23":{"start":{"line":32,"column":28},"end":{"line":32,"column":51}},"24":{"start":{"line":33,"column":12},"end":{"line":33,"column":null}},"25":{"start":{"line":37,"column":25},"end":{"line":41,"column":null}},"26":{"start":{"line":38,"column":8},"end":{"line":41,"column":null}},"27":{"start":{"line":39,"column":25},"end":{"line":39,"column":54}},"28":{"start":{"line":40,"column":12},"end":{"line":40,"column":null}},"29":{"start":{"line":41,"column":22},"end":{"line":41,"column":null}},"30":{"start":{"line":44,"column":25},"end":{"line":52,"column":null}},"31":{"start":{"line":45,"column":8},"end":{"line":52,"column":null}},"32":{"start":{"line":46,"column":28},"end":{"line":46,"column":30}},"33":{"start":{"line":47,"column":12},"end":{"line":47,"column":null}},"34":{"start":{"line":47,"column":35},"end":{"line":47,"column":null}},"35":{"start":{"line":48,"column":12},"end":{"line":48,"column":null}},"36":{"start":{"line":48,"column":40},"end":{"line":48,"column":null}},"37":{"start":{"line":49,"column":12},"end":{"line":49,"column":null}},"38":{"start":{"line":49,"column":31},"end":{"line":49,"column":null}},"39":{"start":{"line":50,"column":25},"end":{"line":50,"column":61}},"40":{"start":{"line":51,"column":12},"end":{"line":51,"column":null}},"41":{"start":{"line":52,"column":22},"end":{"line":52,"column":null}},"42":{"start":{"line":55,"column":25},"end":{"line":76,"column":null}},"43":{"start":{"line":56,"column":8},"end":{"line":56,"column":null}},"44":{"start":{"line":56,"column":35},"end":{"line":56,"column":null}},"45":{"start":{"line":57,"column":8},"end":{"line":76,"column":null}},"46":{"start":{"line":58,"column":28},"end":{"line":63,"column":null}},"47":{"start":{"line":64,"column":12},"end":{"line":67,"column":null}},"48":{"start":{"line":65,"column":16},"end":{"line":65,"column":null}},"49":{"start":{"line":67,"column":16},"end":{"line":67,"column":null}},"50":{"start":{"line":69,"column":12},"end":{"line":69,"column":null}},"51":{"start":{"line":70,"column":12},"end":{"line":70,"column":null}},"52":{"start":{"line":71,"column":12},"end":{"line":71,"column":null}},"53":{"start":{"line":72,"column":12},"end":{"line":72,"column":null}},"54":{"start":{"line":73,"column":12},"end":{"line":73,"column":null}},"55":{"start":{"line":75,"column":12},"end":{"line":75,"column":null}},"56":{"start":{"line":76,"column":12},"end":{"line":76,"column":null}},"57":{"start":{"line":80,"column":10},"end":{"line":88,"column":null}},"58":{"start":{"line":81,"column":8},"end":{"line":81,"column":null}},"59":{"start":{"line":82,"column":8},"end":{"line":87,"column":null}},"60":{"start":{"line":88,"column":8},"end":{"line":88,"column":null}},"61":{"start":{"line":91,"column":25},"end":{"line":98,"column":null}},"62":{"start":{"line":92,"column":8},"end":{"line":98,"column":null}},"63":{"start":{"line":93,"column":12},"end":{"line":93,"column":null}},"64":{"start":{"line":94,"column":12},"end":{"line":94,"column":null}},"65":{"start":{"line":95,"column":12},"end":{"line":95,"column":null}},"66":{"start":{"line":97,"column":12},"end":{"line":97,"column":null}},"67":{"start":{"line":98,"column":12},"end":{"line":98,"column":null}},"68":{"start":{"line":102,"column":27},"end":{"line":106,"column":null}},"69":{"start":{"line":103,"column":8},"end":{"line":106,"column":null}},"70":{"start":{"line":104,"column":12},"end":{"line":104,"column":null}},"71":{"start":{"line":105,"column":12},"end":{"line":105,"column":null}},"72":{"start":{"line":106,"column":22},"end":{"line":106,"column":null}},"73":{"start":{"line":109,"column":26},"end":{"line":109,"column":null}},"74":{"start":{"line":109,"column":47},"end":{"line":109,"column":58}},"75":{"start":{"line":110,"column":23},"end":{"line":110,"column":null}},"76":{"start":{"line":111,"column":23},"end":{"line":111,"column":69}},"77":{"start":{"line":112,"column":26},"end":{"line":112,"column":82}},"78":{"start":{"line":114,"column":4},"end":{"line":263,"column":null}},"79":{"start":{"line":126,"column":20},"end":{"line":126,"column":44}},"80":{"start":{"line":126,"column":44},"end":{"line":126,"column":null}},"81":{"start":{"line":127,"column":20},"end":{"line":127,"column":null}},"82":{"start":{"line":140,"column":37},"end":{"line":140,"column":91}},"83":{"start":{"line":140,"column":91},"end":{"line":140,"column":null}},"84":{"start":{"line":142,"column":39},"end":{"line":142,"column":89}},"85":{"start":{"line":145,"column":37},"end":{"line":145,"column":89}},"86":{"start":{"line":145,"column":89},"end":{"line":145,"column":null}},"87":{"start":{"line":158,"column":43},"end":{"line":158,"column":91}},"88":{"start":{"line":160,"column":47},"end":{"line":160,"column":97}},"89":{"start":{"line":164,"column":65},"end":{"line":164,"column":111}},"90":{"start":{"line":169,"column":63},"end":{"line":169,"column":107}},"91":{"start":{"line":174,"column":62},"end":{"line":174,"column":105}},"92":{"start":{"line":181,"column":89},"end":{"line":181,"column":109}},"93":{"start":{"line":181,"column":109},"end":{"line":181,"column":131}},"94":{"start":{"line":192,"column":20},"end":{"line":238,"column":null}},"95":{"start":{"line":213,"column":51},"end":{"line":213,"column":71}},"96":{"start":{"line":217,"column":51},"end":{"line":217,"column":64}},"97":{"start":{"line":219,"column":51},"end":{"line":219,"column":69}},"98":{"start":{"line":220,"column":55},"end":{"line":220,"column":null}},"99":{"start":{"line":221,"column":55},"end":{"line":221,"column":null}},"100":{"start":{"line":248,"column":123},"end":{"line":248,"column":140}},"101":{"start":{"line":260,"column":60},"end":{"line":260,"column":79}},"102":{"start":{"line":260,"column":73},"end":{"line":260,"column":79}},"103":{"start":{"line":263,"column":69},"end":{"line":263,"column":88}},"104":{"start":{"line":263,"column":82},"end":{"line":263,"column":88}}},"fnMap":{"0":{"name":"MistakeBook","decl":{"start":{"line":6,"column":24},"end":{"line":6,"column":38}},"loc":{"start":{"line":6,"column":38},"end":{"line":263,"column":null}},"line":6},"1":{"name":"(anonymous_1)","decl":{"start":{"line":19,"column":4},"end":{"line":19,"column":20}},"loc":{"start":{"line":19,"column":20},"end":{"line":22,"column":9}},"line":19},"2":{"name":"(anonymous_2)","decl":{"start":{"line":24,"column":4},"end":{"line":24,"column":20}},"loc":{"start":{"line":24,"column":20},"end":{"line":24,"column":41}},"line":24},"3":{"name":"(anonymous_3)","decl":{"start":{"line":27,"column":10},"end":{"line":27,"column":32}},"loc":{"start":{"line":27,"column":38},"end":{"line":34,"column":null}},"line":27},"4":{"name":"(anonymous_4)","decl":{"start":{"line":31,"column":36},"end":{"line":31,"column":53}},"loc":{"start":{"line":31,"column":53},"end":{"line":34,"column":15}},"line":31},"5":{"name":"(anonymous_5)","decl":{"start":{"line":32,"column":12},"end":{"line":32,"column":22}},"loc":{"start":{"line":32,"column":28},"end":{"line":32,"column":51}},"line":32},"6":{"name":"(anonymous_6)","decl":{"start":{"line":37,"column":25},"end":{"line":37,"column":37}},"loc":{"start":{"line":37,"column":37},"end":{"line":41,"column":null}},"line":37},"7":{"name":"(anonymous_7)","decl":{"start":{"line":44,"column":25},"end":{"line":44,"column":37}},"loc":{"start":{"line":44,"column":37},"end":{"line":52,"column":null}},"line":44},"8":{"name":"(anonymous_8)","decl":{"start":{"line":55,"column":25},"end":{"line":55,"column":37}},"loc":{"start":{"line":55,"column":37},"end":{"line":76,"column":null}},"line":55},"9":{"name":"(anonymous_9)","decl":{"start":{"line":80,"column":10},"end":{"line":80,"column":24}},"loc":{"start":{"line":80,"column":30},"end":{"line":88,"column":null}},"line":80},"10":{"name":"(anonymous_10)","decl":{"start":{"line":91,"column":25},"end":{"line":91,"column":32}},"loc":{"start":{"line":91,"column":39},"end":{"line":98,"column":null}},"line":91},"11":{"name":"(anonymous_11)","decl":{"start":{"line":102,"column":27},"end":{"line":102,"column":34}},"loc":{"start":{"line":102,"column":41},"end":{"line":106,"column":null}},"line":102},"12":{"name":"(anonymous_12)","decl":{"start":{"line":109,"column":35},"end":{"line":109,"column":42}},"loc":{"start":{"line":109,"column":47},"end":{"line":109,"column":58}},"line":109},"13":{"name":"(anonymous_13)","decl":{"start":{"line":125,"column":58},"end":{"line":125,"column":73}},"loc":{"start":{"line":125,"column":73},"end":{"line":127,"column":null}},"line":125},"14":{"name":"(anonymous_14)","decl":{"start":{"line":140,"column":20},"end":{"line":140,"column":30}},"loc":{"start":{"line":140,"column":35},"end":{"line":140,"column":null}},"line":140},"15":{"name":"(anonymous_15)","decl":{"start":{"line":142,"column":30},"end":{"line":142,"column":34}},"loc":{"start":{"line":142,"column":39},"end":{"line":142,"column":89}},"line":142},"16":{"name":"(anonymous_16)","decl":{"start":{"line":145,"column":20},"end":{"line":145,"column":30}},"loc":{"start":{"line":145,"column":35},"end":{"line":145,"column":null}},"line":145},"17":{"name":"(anonymous_17)","decl":{"start":{"line":158,"column":28},"end":{"line":158,"column":38}},"loc":{"start":{"line":158,"column":43},"end":{"line":158,"column":91}},"line":158},"18":{"name":"(anonymous_18)","decl":{"start":{"line":160,"column":38},"end":{"line":160,"column":42}},"loc":{"start":{"line":160,"column":47},"end":{"line":160,"column":97}},"line":160},"19":{"name":"(anonymous_19)","decl":{"start":{"line":164,"column":50},"end":{"line":164,"column":60}},"loc":{"start":{"line":164,"column":65},"end":{"line":164,"column":111}},"line":164},"20":{"name":"(anonymous_20)","decl":{"start":{"line":169,"column":48},"end":{"line":169,"column":58}},"loc":{"start":{"line":169,"column":63},"end":{"line":169,"column":107}},"line":169},"21":{"name":"(anonymous_21)","decl":{"start":{"line":174,"column":47},"end":{"line":174,"column":57}},"loc":{"start":{"line":174,"column":62},"end":{"line":174,"column":105}},"line":174},"22":{"name":"(anonymous_22)","decl":{"start":{"line":181,"column":72},"end":{"line":181,"column":87}},"loc":{"start":{"line":181,"column":87},"end":{"line":181,"column":131}},"line":181},"23":{"name":"(anonymous_23)","decl":{"start":{"line":191,"column":31},"end":{"line":191,"column":35}},"loc":{"start":{"line":192,"column":20},"end":{"line":238,"column":null}},"line":192},"24":{"name":"(anonymous_24)","decl":{"start":{"line":213,"column":36},"end":{"line":213,"column":51}},"loc":{"start":{"line":213,"column":51},"end":{"line":213,"column":71}},"line":213},"25":{"name":"(anonymous_25)","decl":{"start":{"line":217,"column":36},"end":{"line":217,"column":51}},"loc":{"start":{"line":217,"column":51},"end":{"line":217,"column":64}},"line":217},"26":{"name":"(anonymous_26)","decl":{"start":{"line":219,"column":36},"end":{"line":219,"column":51}},"loc":{"start":{"line":219,"column":51},"end":{"line":219,"column":69}},"line":219},"27":{"name":"(anonymous_27)","decl":{"start":{"line":220,"column":36},"end":{"line":220,"column":50}},"loc":{"start":{"line":220,"column":55},"end":{"line":220,"column":null}},"line":220},"28":{"name":"(anonymous_28)","decl":{"start":{"line":221,"column":36},"end":{"line":221,"column":50}},"loc":{"start":{"line":221,"column":55},"end":{"line":221,"column":null}},"line":221},"29":{"name":"(anonymous_29)","decl":{"start":{"line":248,"column":108},"end":{"line":248,"column":123}},"loc":{"start":{"line":248,"column":123},"end":{"line":248,"column":140}},"line":248},"30":{"name":"(anonymous_30)","decl":{"start":{"line":260,"column":45},"end":{"line":260,"column":60}},"loc":{"start":{"line":260,"column":60},"end":{"line":260,"column":79}},"line":260},"31":{"name":"(anonymous_31)","decl":{"start":{"line":260,"column":60},"end":{"line":260,"column":68}},"loc":{"start":{"line":260,"column":73},"end":{"line":260,"column":79}},"line":260},"32":{"name":"(anonymous_32)","decl":{"start":{"line":263,"column":54},"end":{"line":263,"column":69}},"loc":{"start":{"line":263,"column":69},"end":{"line":263,"column":88}},"line":263},"33":{"name":"(anonymous_33)","decl":{"start":{"line":263,"column":69},"end":{"line":263,"column":77}},"loc":{"start":{"line":263,"column":82},"end":{"line":263,"column":88}},"line":263}},"branchMap":{"0":{"loc":{"start":{"line":30,"column":8},"end":{"line":30,"column":null}},"type":"if","locations":[{"start":{"line":30,"column":8},"end":{"line":30,"column":null}},{"start":{},"end":{}}],"line":30},"1":{"loc":{"start":{"line":40,"column":24},"end":{"line":40,"column":34}},"type":"binary-expr","locations":[{"start":{"line":40,"column":24},"end":{"line":40,"column":32}},{"start":{"line":40,"column":32},"end":{"line":40,"column":34}}],"line":40},"2":{"loc":{"start":{"line":47,"column":12},"end":{"line":47,"column":null}},"type":"if","locations":[{"start":{"line":47,"column":12},"end":{"line":47,"column":null}},{"start":{},"end":{}}],"line":47},"3":{"loc":{"start":{"line":48,"column":12},"end":{"line":48,"column":null}},"type":"if","locations":[{"start":{"line":48,"column":12},"end":{"line":48,"column":null}},{"start":{},"end":{}}],"line":48},"4":{"loc":{"start":{"line":49,"column":12},"end":{"line":49,"column":null}},"type":"if","locations":[{"start":{"line":49,"column":12},"end":{"line":49,"column":null}},{"start":{},"end":{}}],"line":49},"5":{"loc":{"start":{"line":51,"column":24},"end":{"line":51,"column":34}},"type":"binary-expr","locations":[{"start":{"line":51,"column":24},"end":{"line":51,"column":32}},{"start":{"line":51,"column":32},"end":{"line":51,"column":34}}],"line":51},"6":{"loc":{"start":{"line":56,"column":8},"end":{"line":56,"column":null}},"type":"if","locations":[{"start":{"line":56,"column":8},"end":{"line":56,"column":null}},{"start":{},"end":{}}],"line":56},"7":{"loc":{"start":{"line":59,"column":28},"end":{"line":59,"column":null}},"type":"cond-expr","locations":[{"start":{"line":59,"column":46},"end":{"line":59,"column":69}},{"start":{"line":59,"column":72},"end":{"line":59,"column":null}}],"line":59},"8":{"loc":{"start":{"line":64,"column":12},"end":{"line":67,"column":null}},"type":"if","locations":[{"start":{"line":64,"column":12},"end":{"line":67,"column":null}},{"start":{"line":66,"column":19},"end":{"line":67,"column":null}}],"line":64},"9":{"loc":{"start":{"line":73,"column":22},"end":{"line":73,"column":55}},"type":"cond-expr","locations":[{"start":{"line":73,"column":34},"end":{"line":73,"column":44}},{"start":{"line":73,"column":44},"end":{"line":73,"column":55}}],"line":73},"10":{"loc":{"start":{"line":83,"column":24},"end":{"line":83,"column":null}},"type":"binary-expr","locations":[{"start":{"line":83,"column":24},"end":{"line":83,"column":48}},{"start":{"line":83,"column":52},"end":{"line":83,"column":null}}],"line":83},"11":{"loc":{"start":{"line":85,"column":20},"end":{"line":85,"column":null}},"type":"binary-expr","locations":[{"start":{"line":85,"column":20},"end":{"line":85,"column":32}},{"start":{"line":85,"column":32},"end":{"line":85,"column":null}}],"line":85},"12":{"loc":{"start":{"line":86,"column":19},"end":{"line":86,"column":null}},"type":"binary-expr","locations":[{"start":{"line":86,"column":19},"end":{"line":86,"column":30}},{"start":{"line":86,"column":30},"end":{"line":86,"column":null}}],"line":86},"13":{"loc":{"start":{"line":153,"column":13},"end":{"line":183,"column":null}},"type":"binary-expr","locations":[{"start":{"line":153,"column":13},"end":{"line":153,"column":null}},{"start":{"line":154,"column":16},"end":{"line":183,"column":null}}],"line":153},"14":{"loc":{"start":{"line":155,"column":66},"end":{"line":155,"column":101}},"type":"cond-expr","locations":[{"start":{"line":155,"column":78},"end":{"line":155,"column":85}},{"start":{"line":155,"column":85},"end":{"line":155,"column":101}}],"line":155},"15":{"loc":{"start":{"line":179,"column":33},"end":{"line":179,"column":null}},"type":"cond-expr","locations":[{"start":{"line":179,"column":45},"end":{"line":179,"column":52}},{"start":{"line":179,"column":52},"end":{"line":179,"column":null}}],"line":179},"16":{"loc":{"start":{"line":194,"column":49},"end":{"line":194,"column":null}},"type":"binary-expr","locations":[{"start":{"line":194,"column":49},"end":{"line":194,"column":68}},{"start":{"line":194,"column":68},"end":{"line":194,"column":null}}],"line":194},"17":{"loc":{"start":{"line":195,"column":33},"end":{"line":195,"column":null}},"type":"cond-expr","locations":[{"start":{"line":195,"column":46},"end":{"line":195,"column":52}},{"start":{"line":195,"column":52},"end":{"line":195,"column":null}}],"line":195},"18":{"loc":{"start":{"line":199,"column":33},"end":{"line":207,"column":35}},"type":"binary-expr","locations":[{"start":{"line":199,"column":33},"end":{"line":199,"column":null}},{"start":{"line":200,"column":36},"end":{"line":207,"column":35}}],"line":199},"19":{"loc":{"start":{"line":207,"column":33},"end":{"line":209,"column":null}},"type":"cond-expr","locations":[{"start":{"line":208,"column":38},"end":{"line":209,"column":39}},{"start":{"line":209,"column":38},"end":{"line":209,"column":null}}],"line":207},"20":{"loc":{"start":{"line":214,"column":37},"end":{"line":214,"column":null}},"type":"cond-expr","locations":[{"start":{"line":214,"column":50},"end":{"line":214,"column":80}},{"start":{"line":214,"column":80},"end":{"line":214,"column":null}}],"line":214},"21":{"loc":{"start":{"line":228,"column":25},"end":{"line":230,"column":null}},"type":"binary-expr","locations":[{"start":{"line":228,"column":25},"end":{"line":228,"column":null}},{"start":{"line":229,"column":28},"end":{"line":230,"column":null}}],"line":228},"22":{"loc":{"start":{"line":233,"column":25},"end":{"line":235,"column":null}},"type":"binary-expr","locations":[{"start":{"line":233,"column":25},"end":{"line":233,"column":null}},{"start":{"line":234,"column":28},"end":{"line":235,"column":null}}],"line":233},"23":{"loc":{"start":{"line":240,"column":17},"end":{"line":250,"column":null}},"type":"binary-expr","locations":[{"start":{"line":240,"column":17},"end":{"line":240,"column":null}},{"start":{"line":241,"column":20},"end":{"line":250,"column":null}}],"line":240},"24":{"loc":{"start":{"line":247,"column":25},"end":{"line":250,"column":null}},"type":"binary-expr","locations":[{"start":{"line":247,"column":25},"end":{"line":247,"column":null}},{"start":{"line":248,"column":28},"end":{"line":250,"column":null}}],"line":247},"25":{"loc":{"start":{"line":257,"column":13},"end":{"line":263,"column":null}},"type":"binary-expr","locations":[{"start":{"line":257,"column":13},"end":{"line":257,"column":null}},{"start":{"line":258,"column":16},"end":{"line":263,"column":null}}],"line":257}},"s":{"0":14,"1":14,"2":14,"3":14,"4":14,"5":14,"6":14,"7":14,"8":14,"9":14,"10":14,"11":14,"12":5,"13":5,"14":14,"15":5,"16":14,"17":0,"18":0,"19":0,"20":0,"21":0,"22":0,"23":0,"24":0,"25":14,"26":5,"27":5,"28":5,"29":0,"30":14,"31":11,"32":11,"33":11,"34":0,"35":11,"36":0,"37":11,"38":0,"39":11,"40":11,"41":0,"42":14,"43":1,"44":0,"45":1,"46":1,"47":1,"48":0,"49":1,"50":1,"51":1,"52":1,"53":1,"54":1,"55":0,"56":0,"57":14,"58":0,"59":0,"60":0,"61":14,"62":0,"63":0,"64":0,"65":0,"66":0,"67":0,"68":14,"69":0,"70":0,"71":0,"72":0,"73":14,"74":16,"75":14,"76":14,"77":14,"78":14,"79":2,"80":2,"81":2,"82":0,"83":0,"84":18,"85":0,"86":0,"87":0,"88":6,"89":1,"90":0,"91":0,"92":0,"93":0,"94":16,"95":0,"96":0,"97":0,"98":0,"99":0,"100":0,"101":0,"102":0,"103":0,"104":0},"f":{"0":14,"1":5,"2":5,"3":0,"4":0,"5":0,"6":5,"7":11,"8":1,"9":0,"10":0,"11":0,"12":16,"13":2,"14":0,"15":18,"16":0,"17":0,"18":6,"19":1,"20":0,"21":0,"22":0,"23":16,"24":0,"25":0,"26":0,"27":0,"28":0,"29":0,"30":0,"31":0,"32":0,"33":0},"b":{"0":[0,0],"1":[5,0],"2":[0,11],"3":[0,11],"4":[0,11],"5":[11,0],"6":[0,1],"7":[0,1],"8":[0,1],"9":[0,1],"10":[0,0],"11":[0,0],"12":[0,0],"13":[14,3],"14":[0,3],"15":[0,3],"16":[16,0],"17":[8,8],"18":[16,16],"19":[8,8],"20":[8,8],"21":[16,16],"22":[16,8],"23":[14,6],"24":[6,6],"25":[14,0]},"meta":{"lastBranch":26,"lastFunction":34,"lastStatement":105,"seen":{"f:6:24:6:38":0,"s:7:10:7:28":0,"s:8:21:8:48":1,"s:9:21:9:48":2,"s:10:21:10:51":3,"s:11:22:11:52":4,"s:12:19:12:86":5,"s:13:24:13:54":6,"s:14:17:14:93":7,"s:15:17:15:39":8,"s:16:22:16:Infinity":9,"s:17:10:17:42":10,"s:19:4:22:Infinity":11,"f:19:4:19:20":1,"s:20:8:20:Infinity":12,"s:21:8:21:Infinity":13,"s:24:4:24:Infinity":14,"f:24:4:24:20":2,"s:24:22:24:40":15,"s:27:10:34:Infinity":16,"f:27:10:27:32":3,"s:28:20:28:Infinity":17,"s:29:8:29:Infinity":18,"b:30:8:30:Infinity:undefined:undefined:undefined:undefined":0,"s:30:8:30:Infinity":19,"s:30:39:30:Infinity":20,"s:31:8:34:Infinity":21,"f:31:36:31:53":4,"s:32:12:32:Infinity":22,"f:32:12:32:22":5,"s:32:28:32:51":23,"s:33:12:33:Infinity":24,"s:37:25:41:Infinity":25,"f:37:25:37:37":6,"s:38:8:41:Infinity":26,"s:39:25:39:54":27,"s:40:12:40:Infinity":28,"b:40:24:40:32:40:32:40:34":1,"s:41:22:41:Infinity":29,"s:44:25:52:Infinity":30,"f:44:25:44:37":7,"s:45:8:52:Infinity":31,"s:46:28:46:30":32,"b:47:12:47:Infinity:undefined:undefined:undefined:undefined":2,"s:47:12:47:Infinity":33,"s:47:35:47:Infinity":34,"b:48:12:48:Infinity:undefined:undefined:undefined:undefined":3,"s:48:12:48:Infinity":35,"s:48:40:48:Infinity":36,"b:49:12:49:Infinity:undefined:undefined:undefined:undefined":4,"s:49:12:49:Infinity":37,"s:49:31:49:Infinity":38,"s:50:25:50:61":39,"s:51:12:51:Infinity":40,"b:51:24:51:32:51:32:51:34":5,"s:52:22:52:Infinity":41,"s:55:25:76:Infinity":42,"f:55:25:55:37":8,"b:56:8:56:Infinity:undefined:undefined:undefined:undefined":6,"s:56:8:56:Infinity":43,"s:56:35:56:Infinity":44,"s:57:8:76:Infinity":45,"s:58:28:63:Infinity":46,"b:59:46:59:69:59:72:59:Infinity":7,"b:64:12:67:Infinity:66:19:67:Infinity":8,"s:64:12:67:Infinity":47,"s:65:16:65:Infinity":48,"s:67:16:67:Infinity":49,"s:69:12:69:Infinity":50,"s:70:12:70:Infinity":51,"s:71:12:71:Infinity":52,"s:72:12:72:Infinity":53,"s:73:12:73:Infinity":54,"b:73:34:73:44:73:44:73:55":9,"s:75:12:75:Infinity":55,"s:76:12:76:Infinity":56,"s:80:10:88:Infinity":57,"f:80:10:80:24":9,"s:81:8:81:Infinity":58,"s:82:8:87:Infinity":59,"b:83:24:83:48:83:52:83:Infinity":10,"b:85:20:85:32:85:32:85:Infinity":11,"b:86:19:86:30:86:30:86:Infinity":12,"s:88:8:88:Infinity":60,"s:91:25:98:Infinity":61,"f:91:25:91:32":10,"s:92:8:98:Infinity":62,"s:93:12:93:Infinity":63,"s:94:12:94:Infinity":64,"s:95:12:95:Infinity":65,"s:97:12:97:Infinity":66,"s:98:12:98:Infinity":67,"s:102:27:106:Infinity":68,"f:102:27:102:34":11,"s:103:8:106:Infinity":69,"s:104:12:104:Infinity":70,"s:105:12:105:Infinity":71,"s:106:22:106:Infinity":72,"s:109:26:109:Infinity":73,"f:109:35:109:42":12,"s:109:47:109:58":74,"s:110:23:110:Infinity":75,"s:111:23:111:69":76,"s:112:26:112:82":77,"s:114:4:263:Infinity":78,"f:125:58:125:73":13,"s:126:20:126:44":79,"s:126:44:126:Infinity":80,"s:127:20:127:Infinity":81,"f:140:20:140:30":14,"s:140:37:140:91":82,"s:140:91:140:Infinity":83,"f:142:30:142:34":15,"s:142:39:142:89":84,"f:145:20:145:30":16,"s:145:37:145:89":85,"s:145:89:145:Infinity":86,"b:153:13:153:Infinity:154:16:183:Infinity":13,"b:155:78:155:85:155:85:155:101":14,"f:158:28:158:38":17,"s:158:43:158:91":87,"f:160:38:160:42":18,"s:160:47:160:97":88,"f:164:50:164:60":19,"s:164:65:164:111":89,"f:169:48:169:58":20,"s:169:63:169:107":90,"f:174:47:174:57":21,"s:174:62:174:105":91,"b:179:45:179:52:179:52:179:Infinity":15,"f:181:72:181:87":22,"s:181:89:181:109":92,"s:181:109:181:131":93,"f:191:31:191:35":23,"s:192:20:238:Infinity":94,"b:194:49:194:68:194:68:194:Infinity":16,"b:195:46:195:52:195:52:195:Infinity":17,"b:199:33:199:Infinity:200:36:207:35":18,"b:208:38:209:39:209:38:209:Infinity":19,"f:213:36:213:51":24,"s:213:51:213:71":95,"b:214:50:214:80:214:80:214:Infinity":20,"f:217:36:217:51":25,"s:217:51:217:64":96,"f:219:36:219:51":26,"s:219:51:219:69":97,"f:220:36:220:50":27,"s:220:55:220:Infinity":98,"f:221:36:221:50":28,"s:221:55:221:Infinity":99,"b:228:25:228:Infinity:229:28:230:Infinity":21,"b:233:25:233:Infinity:234:28:235:Infinity":22,"b:240:17:240:Infinity:241:20:250:Infinity":23,"b:247:25:247:Infinity:248:28:250:Infinity":24,"f:248:108:248:123":29,"s:248:123:248:140":100,"b:257:13:257:Infinity:258:16:263:Infinity":25,"f:260:45:260:60":30,"s:260:60:260:79":101,"f:260:60:260:68":31,"s:260:73:260:79":102,"f:263:54:263:69":32,"s:263:69:263:88":103,"f:263:69:263:77":33,"s:263:82:263:88":104}}}
,"C:\\Users\\27296\\Desktop\\my-ai-project\\src\\components\\Pomodoro.jsx": {"path":"C:\\Users\\27296\\Desktop\\my-ai-project\\src\\components\\Pomodoro.jsx","statementMap":{"0":{"start":{"line":5,"column":23},"end":{"line":5,"column":null}},"1":{"start":{"line":6,"column":20},"end":{"line":6,"column":null}},"2":{"start":{"line":9,"column":2},"end":{"line":12,"column":null}},"3":{"start":{"line":10,"column":18},"end":{"line":10,"column":51}},"4":{"start":{"line":11,"column":4},"end":{"line":11,"column":null}},"5":{"start":{"line":11,"column":15},"end":{"line":11,"column":null}},"6":{"start":{"line":13,"column":2},"end":{"line":13,"column":null}},"7":{"start":{"line":17,"column":15},"end":{"line":17,"column":null}},"8":{"start":{"line":18,"column":15},"end":{"line":18,"column":null}},"9":{"start":{"line":19,"column":2},"end":{"line":22,"column":null}},"10":{"start":{"line":31,"column":29},"end":{"line":32,"column":26}},"11":{"start":{"line":35,"column":14},"end":{"line":35,"column":71}},"12":{"start":{"line":35,"column":39},"end":{"line":35,"column":70}},"13":{"start":{"line":36,"column":21},"end":{"line":36,"column":53}},"14":{"start":{"line":37,"column":8},"end":{"line":37,"column":92}},"15":{"start":{"line":38,"column":8},"end":{"line":38,"column":32}},"16":{"start":{"line":41,"column":2},"end":{"line":47,"column":null}},"17":{"start":{"line":42,"column":4},"end":{"line":46,"column":null}},"18":{"start":{"line":43,"column":6},"end":{"line":44,"column":null}},"19":{"start":{"line":44,"column":8},"end":{"line":44,"column":null}},"20":{"start":{"line":44,"column":24},"end":{"line":44,"column":64}},"21":{"start":{"line":49,"column":8},"end":{"line":61,"column":11}},"22":{"start":{"line":51,"column":4},"end":{"line":51,"column":null}},"23":{"start":{"line":51,"column":44},"end":{"line":51,"column":null}},"24":{"start":{"line":52,"column":4},"end":{"line":52,"column":null}},"25":{"start":{"line":53,"column":16},"end":{"line":53,"column":null}},"26":{"start":{"line":54,"column":4},"end":{"line":54,"column":null}},"27":{"start":{"line":55,"column":4},"end":{"line":55,"column":null}},"28":{"start":{"line":56,"column":4},"end":{"line":56,"column":null}},"29":{"start":{"line":57,"column":4},"end":{"line":57,"column":null}},"30":{"start":{"line":58,"column":4},"end":{"line":58,"column":null}},"31":{"start":{"line":59,"column":4},"end":{"line":59,"column":null}},"32":{"start":{"line":60,"column":4},"end":{"line":60,"column":null}},"33":{"start":{"line":63,"column":8},"end":{"line":75,"column":18}},"34":{"start":{"line":64,"column":4},"end":{"line":64,"column":null}},"35":{"start":{"line":64,"column":21},"end":{"line":64,"column":null}},"36":{"start":{"line":65,"column":16},"end":{"line":65,"column":null}},"37":{"start":{"line":66,"column":15},"end":{"line":66,"column":null}},"38":{"start":{"line":67,"column":15},"end":{"line":67,"column":null}},"39":{"start":{"line":68,"column":4},"end":{"line":68,"column":null}},"40":{"start":{"line":68,"column":86},"end":{"line":68,"column":null}},"41":{"start":{"line":69,"column":4},"end":{"line":69,"column":null}},"42":{"start":{"line":70,"column":15},"end":{"line":70,"column":null}},"43":{"start":{"line":71,"column":14},"end":{"line":71,"column":null}},"44":{"start":{"line":72,"column":14},"end":{"line":72,"column":null}},"45":{"start":{"line":73,"column":20},"end":{"line":73,"column":79}},"46":{"start":{"line":74,"column":4},"end":{"line":74,"column":null}},"47":{"start":{"line":77,"column":8},"end":{"line":89,"column":33}},"48":{"start":{"line":78,"column":4},"end":{"line":78,"column":null}},"49":{"start":{"line":78,"column":21},"end":{"line":78,"column":null}},"50":{"start":{"line":79,"column":4},"end":{"line":79,"column":null}},"51":{"start":{"line":80,"column":4},"end":{"line":80,"column":null}},"52":{"start":{"line":81,"column":16},"end":{"line":81,"column":null}},"53":{"start":{"line":82,"column":4},"end":{"line":87,"column":null}},"54":{"start":{"line":84,"column":6},"end":{"line":84,"column":null}},"55":{"start":{"line":87,"column":6},"end":{"line":87,"column":null}},"56":{"start":{"line":87,"column":12},"end":{"line":87,"column":75}},"57":{"start":{"line":92,"column":2},"end":{"line":139,"column":null}},"58":{"start":{"line":93,"column":4},"end":{"line":139,"column":null}},"59":{"start":{"line":123,"column":28},"end":{"line":123,"column":49}},"60":{"start":{"line":123,"column":49},"end":{"line":123,"column":null}},"61":{"start":{"line":145,"column":2},"end":{"line":260,"column":null}},"62":{"start":{"line":151,"column":10},"end":{"line":163,"column":null}},"63":{"start":{"line":153,"column":27},"end":{"line":153,"column":37}},"64":{"start":{"line":223,"column":27},"end":{"line":223,"column":93}},"65":{"start":{"line":228,"column":12},"end":{"line":228,"column":null}},"66":{"start":{"line":245,"column":14},"end":{"line":254,"column":null}}},"fnMap":{"0":{"name":"getInitialPosition","decl":{"start":{"line":8,"column":9},"end":{"line":8,"column":28}},"loc":{"start":{"line":8,"column":41},"end":{"line":13,"column":null}},"line":8},"1":{"name":"clampPosition","decl":{"start":{"line":16,"column":9},"end":{"line":16,"column":23}},"loc":{"start":{"line":16,"column":59},"end":{"line":22,"column":null}},"line":16},"2":{"name":"Pomodoro","decl":{"start":{"line":25,"column":24},"end":{"line":25,"column":33}},"loc":{"start":{"line":25,"column":70},"end":{"line":260,"column":null}},"line":25},"3":{"name":"(anonymous_3)","decl":{"start":{"line":35,"column":24},"end":{"line":35,"column":39}},"loc":{"start":{"line":35,"column":39},"end":{"line":35,"column":70}},"line":35},"4":{"name":"(anonymous_4)","decl":{"start":{"line":41,"column":2},"end":{"line":41,"column":18}},"loc":{"start":{"line":41,"column":18},"end":{"line":47,"column":6}},"line":41},"5":{"name":"(anonymous_5)","decl":{"start":{"line":44,"column":8},"end":{"line":44,"column":15}},"loc":{"start":{"line":44,"column":24},"end":{"line":44,"column":64}},"line":44},"6":{"name":"(anonymous_6)","decl":{"start":{"line":49,"column":24},"end":{"line":49,"column":37}},"loc":{"start":{"line":49,"column":43},"end":{"line":61,"column":6}},"line":49},"7":{"name":"(anonymous_7)","decl":{"start":{"line":63,"column":24},"end":{"line":63,"column":37}},"loc":{"start":{"line":63,"column":43},"end":{"line":75,"column":6}},"line":63},"8":{"name":"(anonymous_8)","decl":{"start":{"line":77,"column":22},"end":{"line":77,"column":35}},"loc":{"start":{"line":77,"column":41},"end":{"line":89,"column":6}},"line":77},"9":{"name":"(anonymous_9)","decl":{"start":{"line":123,"column":10},"end":{"line":123,"column":20}},"loc":{"start":{"line":123,"column":26},"end":{"line":123,"column":null}},"line":123},"10":{"name":"(anonymous_10)","decl":{"start":{"line":150,"column":37},"end":{"line":150,"column":41}},"loc":{"start":{"line":151,"column":10},"end":{"line":163,"column":null}},"line":151},"11":{"name":"(anonymous_11)","decl":{"start":{"line":153,"column":12},"end":{"line":153,"column":27}},"loc":{"start":{"line":153,"column":27},"end":{"line":153,"column":37}},"line":153},"12":{"name":"(anonymous_12)","decl":{"start":{"line":223,"column":10},"end":{"line":223,"column":21}},"loc":{"start":{"line":223,"column":27},"end":{"line":223,"column":93}},"line":223},"13":{"name":"(anonymous_13)","decl":{"start":{"line":227,"column":20},"end":{"line":227,"column":24}},"loc":{"start":{"line":228,"column":12},"end":{"line":228,"column":null}},"line":228},"14":{"name":"(anonymous_14)","decl":{"start":{"line":244,"column":24},"end":{"line":244,"column":29}},"loc":{"start":{"line":245,"column":14},"end":{"line":254,"column":null}},"line":245}},"branchMap":{"0":{"loc":{"start":{"line":11,"column":4},"end":{"line":11,"column":null}},"type":"if","locations":[{"start":{"line":11,"column":4},"end":{"line":11,"column":null}},{"start":{},"end":{}}],"line":11},"1":{"loc":{"start":{"line":13,"column":14},"end":{"line":13,"column":38}},"type":"cond-expr","locations":[{"start":{"line":13,"column":28},"end":{"line":13,"column":33}},{"start":{"line":13,"column":33},"end":{"line":13,"column":38}}],"line":13},"2":{"loc":{"start":{"line":16,"column":29},"end":{"line":16,"column":44}},"type":"default-arg","locations":[{"start":{"line":16,"column":39},"end":{"line":16,"column":44}}],"line":16},"3":{"loc":{"start":{"line":16,"column":44},"end":{"line":16,"column":59}},"type":"default-arg","locations":[{"start":{"line":16,"column":55},"end":{"line":16,"column":59}}],"line":16},"4":{"loc":{"start":{"line":43,"column":6},"end":{"line":44,"column":null}},"type":"if","locations":[{"start":{"line":43,"column":6},"end":{"line":44,"column":null}},{"start":{},"end":{}}],"line":43},"5":{"loc":{"start":{"line":44,"column":38},"end":{"line":44,"column":62}},"type":"cond-expr","locations":[{"start":{"line":44,"column":52},"end":{"line":44,"column":57}},{"start":{"line":44,"column":57},"end":{"line":44,"column":62}}],"line":44},"6":{"loc":{"start":{"line":51,"column":4},"end":{"line":51,"column":null}},"type":"if","locations":[{"start":{"line":51,"column":4},"end":{"line":51,"column":null}},{"start":{},"end":{}}],"line":51},"7":{"loc":{"start":{"line":64,"column":4},"end":{"line":64,"column":null}},"type":"if","locations":[{"start":{"line":64,"column":4},"end":{"line":64,"column":null}},{"start":{},"end":{}}],"line":64},"8":{"loc":{"start":{"line":68,"column":4},"end":{"line":68,"column":null}},"type":"if","locations":[{"start":{"line":68,"column":4},"end":{"line":68,"column":null}},{"start":{},"end":{}}],"line":68},"9":{"loc":{"start":{"line":68,"column":8},"end":{"line":68,"column":86}},"type":"binary-expr","locations":[{"start":{"line":68,"column":8},"end":{"line":68,"column":22}},{"start":{"line":68,"column":22},"end":{"line":68,"column":55}},{"start":{"line":68,"column":55},"end":{"line":68,"column":86}}],"line":68},"10":{"loc":{"start":{"line":71,"column":14},"end":{"line":71,"column":null}},"type":"cond-expr","locations":[{"start":{"line":71,"column":19},"end":{"line":71,"column":36}},{"start":{"line":71,"column":36},"end":{"line":71,"column":null}}],"line":71},"11":{"loc":{"start":{"line":72,"column":14},"end":{"line":72,"column":null}},"type":"cond-expr","locations":[{"start":{"line":72,"column":19},"end":{"line":72,"column":37}},{"start":{"line":72,"column":37},"end":{"line":72,"column":null}}],"line":72},"12":{"loc":{"start":{"line":78,"column":4},"end":{"line":78,"column":null}},"type":"if","locations":[{"start":{"line":78,"column":4},"end":{"line":78,"column":null}},{"start":{},"end":{}}],"line":78},"13":{"loc":{"start":{"line":82,"column":4},"end":{"line":87,"column":null}},"type":"if","locations":[{"start":{"line":82,"column":4},"end":{"line":87,"column":null}},{"start":{"line":85,"column":11},"end":{"line":87,"column":null}}],"line":82},"14":{"loc":{"start":{"line":92,"column":2},"end":{"line":139,"column":null}},"type":"if","locations":[{"start":{"line":92,"column":2},"end":{"line":139,"column":null}},{"start":{},"end":{}}],"line":92},"15":{"loc":{"start":{"line":107,"column":22},"end":{"line":107,"column":null}},"type":"cond-expr","locations":[{"start":{"line":107,"column":35},"end":{"line":107,"column":44}},{"start":{"line":107,"column":44},"end":{"line":107,"column":null}}],"line":107},"16":{"loc":{"start":{"line":108,"column":18},"end":{"line":108,"column":null}},"type":"cond-expr","locations":[{"start":{"line":108,"column":31},"end":{"line":108,"column":44}},{"start":{"line":108,"column":44},"end":{"line":108,"column":null}}],"line":108},"17":{"loc":{"start":{"line":109,"column":21},"end":{"line":109,"column":null}},"type":"cond-expr","locations":[{"start":{"line":109,"column":34},"end":{"line":109,"column":85}},{"start":{"line":109,"column":85},"end":{"line":109,"column":null}}],"line":109},"18":{"loc":{"start":{"line":132,"column":15},"end":{"line":132,"column":null}},"type":"cond-expr","locations":[{"start":{"line":132,"column":27},"end":{"line":132,"column":50}},{"start":{"line":132,"column":49},"end":{"line":132,"column":null}}],"line":132},"19":{"loc":{"start":{"line":156,"column":26},"end":{"line":156,"column":null}},"type":"cond-expr","locations":[{"start":{"line":156,"column":45},"end":{"line":156,"column":67}},{"start":{"line":156,"column":67},"end":{"line":156,"column":null}}],"line":156},"20":{"loc":{"start":{"line":157,"column":21},"end":{"line":157,"column":null}},"type":"cond-expr","locations":[{"start":{"line":157,"column":40},"end":{"line":157,"column":50}},{"start":{"line":157,"column":50},"end":{"line":157,"column":null}}],"line":157},"21":{"loc":{"start":{"line":158,"column":25},"end":{"line":158,"column":null}},"type":"cond-expr","locations":[{"start":{"line":158,"column":44},"end":{"line":158,"column":65}},{"start":{"line":158,"column":65},"end":{"line":158,"column":null}}],"line":158},"22":{"loc":{"start":{"line":187,"column":13},"end":{"line":187,"column":null}},"type":"cond-expr","locations":[{"start":{"line":187,"column":25},"end":{"line":187,"column":38}},{"start":{"line":187,"column":38},"end":{"line":187,"column":null}}],"line":187},"23":{"loc":{"start":{"line":197,"column":24},"end":{"line":197,"column":null}},"type":"cond-expr","locations":[{"start":{"line":197,"column":36},"end":{"line":197,"column":59}},{"start":{"line":197,"column":59},"end":{"line":197,"column":null}}],"line":197},"24":{"loc":{"start":{"line":198,"column":19},"end":{"line":198,"column":null}},"type":"cond-expr","locations":[{"start":{"line":198,"column":31},"end":{"line":198,"column":55}},{"start":{"line":198,"column":55},"end":{"line":198,"column":null}}],"line":198},"25":{"loc":{"start":{"line":199,"column":23},"end":{"line":199,"column":null}},"type":"cond-expr","locations":[{"start":{"line":199,"column":35},"end":{"line":199,"column":44}},{"start":{"line":199,"column":44},"end":{"line":199,"column":null}}],"line":199},"26":{"loc":{"start":{"line":203,"column":11},"end":{"line":205,"column":null}},"type":"cond-expr","locations":[{"start":{"line":204,"column":14},"end":{"line":204,"column":null}},{"start":{"line":205,"column":14},"end":{"line":205,"column":null}}],"line":203},"27":{"loc":{"start":{"line":222,"column":17},"end":{"line":222,"column":null}},"type":"binary-expr","locations":[{"start":{"line":222,"column":17},"end":{"line":222,"column":36}},{"start":{"line":222,"column":36},"end":{"line":222,"column":null}}],"line":222},"28":{"loc":{"start":{"line":223,"column":46},"end":{"line":223,"column":93}},"type":"cond-expr","locations":[{"start":{"line":223,"column":63},"end":{"line":223,"column":85}},{"start":{"line":223,"column":88},"end":{"line":223,"column":93}}],"line":223},"29":{"loc":{"start":{"line":226,"column":28},"end":{"line":226,"column":82}},"type":"cond-expr","locations":[{"start":{"line":226,"column":49},"end":{"line":226,"column":64}},{"start":{"line":226,"column":64},"end":{"line":226,"column":82}}],"line":226},"30":{"loc":{"start":{"line":242,"column":9},"end":{"line":260,"column":null}},"type":"cond-expr","locations":[{"start":{"line":243,"column":10},"end":{"line":258,"column":11}},{"start":{"line":258,"column":10},"end":{"line":260,"column":null}}],"line":242},"31":{"loc":{"start":{"line":245,"column":109},"end":{"line":245,"column":179}},"type":"cond-expr","locations":[{"start":{"line":245,"column":137},"end":{"line":245,"column":171}},{"start":{"line":245,"column":171},"end":{"line":245,"column":179}}],"line":245},"32":{"loc":{"start":{"line":249,"column":32},"end":{"line":249,"column":null}},"type":"binary-expr","locations":[{"start":{"line":249,"column":32},"end":{"line":249,"column":46}},{"start":{"line":249,"column":46},"end":{"line":249,"column":null}}],"line":249},"33":{"loc":{"start":{"line":251,"column":19},"end":{"line":251,"column":null}},"type":"binary-expr","locations":[{"start":{"line":251,"column":19},"end":{"line":251,"column":40}},{"start":{"line":251,"column":40},"end":{"line":251,"column":null}}],"line":251}},"s":{"0":1,"1":1,"2":4,"3":4,"4":4,"5":0,"6":4,"7":0,"8":0,"9":0,"10":15,"11":15,"12":4,"13":15,"14":15,"15":15,"16":15,"17":4,"18":4,"19":4,"20":4,"21":15,"22":0,"23":0,"24":0,"25":0,"26":0,"27":0,"28":0,"29":0,"30":0,"31":0,"32":0,"33":15,"34":0,"35":0,"36":0,"37":0,"38":0,"39":0,"40":0,"41":0,"42":0,"43":0,"44":0,"45":0,"46":0,"47":15,"48":0,"49":0,"50":0,"51":0,"52":0,"53":0,"54":0,"55":0,"56":0,"57":15,"58":2,"59":0,"60":0,"61":13,"62":39,"63":2,"64":0,"65":2,"66":0},"f":{"0":4,"1":0,"2":15,"3":4,"4":4,"5":4,"6":0,"7":0,"8":0,"9":0,"10":39,"11":2,"12":0,"13":2,"14":0},"b":{"0":[0,4],"1":[0,4],"2":[0],"3":[0],"4":[4,0],"5":[0,4],"6":[0,0],"7":[0,0],"8":[0,0],"9":[0,0,0],"10":[0,0],"11":[0,0],"12":[0,0],"13":[0,0],"14":[2,13],"15":[0,2],"16":[0,2],"17":[0,2],"18":[0,2],"19":[13,26],"20":[13,26],"21":[13,26],"22":[2,11],"23":[2,11],"24":[2,11],"25":[2,11],"26":[2,11],"27":[15,13],"28":[0,0],"29":[8,5],"30":[0,13],"31":[0,0],"32":[0,0],"33":[0,0]},"meta":{"lastBranch":34,"lastFunction":15,"lastStatement":67,"seen":{"s:5:23:5:Infinity":0,"s:6:20:6:Infinity":1,"f:8:9:8:28":0,"s:9:2:12:Infinity":2,"s:10:18:10:51":3,"b:11:4:11:Infinity:undefined:undefined:undefined:undefined":0,"s:11:4:11:Infinity":4,"s:11:15:11:Infinity":5,"s:13:2:13:Infinity":6,"b:13:28:13:33:13:33:13:38":1,"f:16:9:16:23":1,"b:16:39:16:44":2,"b:16:55:16:59":3,"s:17:15:17:Infinity":7,"s:18:15:18:Infinity":8,"s:19:2:22:Infinity":9,"f:25:24:25:33":2,"s:31:29:32:26":10,"s:35:14:35:71":11,"f:35:24:35:39":3,"s:35:39:35:70":12,"s:36:21:36:53":13,"s:37:8:37:92":14,"s:38:8:38:32":15,"s:41:2:47:Infinity":16,"f:41:2:41:18":4,"s:42:4:46:Infinity":17,"b:43:6:44:Infinity:undefined:undefined:undefined:undefined":4,"s:43:6:44:Infinity":18,"s:44:8:44:Infinity":19,"f:44:8:44:15":5,"s:44:24:44:64":20,"b:44:52:44:57:44:57:44:62":5,"s:49:8:61:11":21,"f:49:24:49:37":6,"b:51:4:51:Infinity:undefined:undefined:undefined:undefined":6,"s:51:4:51:Infinity":22,"s:51:44:51:Infinity":23,"s:52:4:52:Infinity":24,"s:53:16:53:Infinity":25,"s:54:4:54:Infinity":26,"s:55:4:55:Infinity":27,"s:56:4:56:Infinity":28,"s:57:4:57:Infinity":29,"s:58:4:58:Infinity":30,"s:59:4:59:Infinity":31,"s:60:4:60:Infinity":32,"s:63:8:75:18":33,"f:63:24:63:37":7,"b:64:4:64:Infinity:undefined:undefined:undefined:undefined":7,"s:64:4:64:Infinity":34,"s:64:21:64:Infinity":35,"s:65:16:65:Infinity":36,"s:66:15:66:Infinity":37,"s:67:15:67:Infinity":38,"b:68:4:68:Infinity:undefined:undefined:undefined:undefined":8,"s:68:4:68:Infinity":39,"b:68:8:68:22:68:22:68:55:68:55:68:86":9,"s:68:86:68:Infinity":40,"s:69:4:69:Infinity":41,"s:70:15:70:Infinity":42,"s:71:14:71:Infinity":43,"b:71:19:71:36:71:36:71:Infinity":10,"s:72:14:72:Infinity":44,"b:72:19:72:37:72:37:72:Infinity":11,"s:73:20:73:79":45,"s:74:4:74:Infinity":46,"s:77:8:89:33":47,"f:77:22:77:35":8,"b:78:4:78:Infinity:undefined:undefined:undefined:undefined":12,"s:78:4:78:Infinity":48,"s:78:21:78:Infinity":49,"s:79:4:79:Infinity":50,"s:80:4:80:Infinity":51,"s:81:16:81:Infinity":52,"b:82:4:87:Infinity:85:11:87:Infinity":13,"s:82:4:87:Infinity":53,"s:84:6:84:Infinity":54,"s:87:6:87:Infinity":55,"s:87:12:87:75":56,"b:92:2:139:Infinity:undefined:undefined:undefined:undefined":14,"s:92:2:139:Infinity":57,"s:93:4:139:Infinity":58,"b:107:35:107:44:107:44:107:Infinity":15,"b:108:31:108:44:108:44:108:Infinity":16,"b:109:34:109:85:109:85:109:Infinity":17,"f:123:10:123:20":9,"s:123:28:123:49":59,"s:123:49:123:Infinity":60,"b:132:27:132:50:132:49:132:Infinity":18,"s:145:2:260:Infinity":61,"f:150:37:150:41":10,"s:151:10:163:Infinity":62,"f:153:12:153:27":11,"s:153:27:153:37":63,"b:156:45:156:67:156:67:156:Infinity":19,"b:157:40:157:50:157:50:157:Infinity":20,"b:158:44:158:65:158:65:158:Infinity":21,"b:187:25:187:38:187:38:187:Infinity":22,"b:197:36:197:59:197:59:197:Infinity":23,"b:198:31:198:55:198:55:198:Infinity":24,"b:199:35:199:44:199:44:199:Infinity":25,"b:204:14:204:Infinity:205:14:205:Infinity":26,"b:222:17:222:36:222:36:222:Infinity":27,"f:223:10:223:21":12,"s:223:27:223:93":64,"b:223:63:223:85:223:88:223:93":28,"b:226:49:226:64:226:64:226:82":29,"f:227:20:227:24":13,"s:228:12:228:Infinity":65,"b:243:10:258:11:258:10:260:Infinity":30,"f:244:24:244:29":14,"s:245:14:254:Infinity":66,"b:245:137:245:171:245:171:245:179":31,"b:249:32:249:46:249:46:249:Infinity":32,"b:251:19:251:40:251:40:251:Infinity":33}}}
,"C:\\Users\\27296\\Desktop\\my-ai-project\\src\\components\\Settings.jsx": {"path":"C:\\Users\\27296\\Desktop\\my-ai-project\\src\\components\\Settings.jsx","statementMap":{"0":{"start":{"line":7,"column":8},"end":{"line":7,"column":26}},"1":{"start":{"line":8,"column":19},"end":{"line":8,"column":56}},"2":{"start":{"line":9,"column":21},"end":{"line":9,"column":50}},"3":{"start":{"line":10,"column":19},"end":{"line":10,"column":46}},"4":{"start":{"line":11,"column":18},"end":{"line":11,"column":57}},"5":{"start":{"line":12,"column":19},"end":{"line":12,"column":48}},"6":{"start":{"line":13,"column":26},"end":{"line":13,"column":60}},"7":{"start":{"line":14,"column":21},"end":{"line":14,"column":53}},"8":{"start":{"line":15,"column":21},"end":{"line":15,"column":50}},"9":{"start":{"line":16,"column":17},"end":{"line":16,"column":45}},"10":{"start":{"line":17,"column":25},"end":{"line":17,"column":61}},"11":{"start":{"line":18,"column":25},"end":{"line":18,"column":61}},"12":{"start":{"line":19,"column":8},"end":{"line":19,"column":35}},"13":{"start":{"line":21,"column":2},"end":{"line":23,"column":null}},"14":{"start":{"line":22,"column":4},"end":{"line":22,"column":null}},"15":{"start":{"line":25,"column":23},"end":{"line":39,"column":null}},"16":{"start":{"line":26,"column":4},"end":{"line":39,"column":null}},"17":{"start":{"line":27,"column":23},"end":{"line":27,"column":52}},"18":{"start":{"line":28,"column":6},"end":{"line":28,"column":null}},"19":{"start":{"line":28,"column":21},"end":{"line":28,"column":null}},"20":{"start":{"line":29,"column":6},"end":{"line":29,"column":null}},"21":{"start":{"line":30,"column":6},"end":{"line":30,"column":null}},"22":{"start":{"line":31,"column":6},"end":{"line":31,"column":null}},"23":{"start":{"line":32,"column":6},"end":{"line":32,"column":null}},"24":{"start":{"line":33,"column":6},"end":{"line":33,"column":null}},"25":{"start":{"line":34,"column":6},"end":{"line":34,"column":null}},"26":{"start":{"line":35,"column":6},"end":{"line":35,"column":null}},"27":{"start":{"line":36,"column":6},"end":{"line":36,"column":null}},"28":{"start":{"line":37,"column":6},"end":{"line":37,"column":null}},"29":{"start":{"line":39,"column":6},"end":{"line":39,"column":null}},"30":{"start":{"line":44,"column":2},"end":{"line":51,"column":null}},"31":{"start":{"line":45,"column":4},"end":{"line":45,"column":null}},"32":{"start":{"line":45,"column":25},"end":{"line":45,"column":null}},"33":{"start":{"line":46,"column":4},"end":{"line":46,"column":null}},"34":{"start":{"line":46,"column":30},"end":{"line":46,"column":null}},"35":{"start":{"line":47,"column":4},"end":{"line":49,"column":null}},"36":{"start":{"line":48,"column":6},"end":{"line":48,"column":null}},"37":{"start":{"line":50,"column":4},"end":{"line":50,"column":null}},"38":{"start":{"line":50,"column":17},"end":{"line":50,"column":51}},"39":{"start":{"line":53,"column":23},"end":{"line":69,"column":null}},"40":{"start":{"line":54,"column":4},"end":{"line":54,"column":null}},"41":{"start":{"line":55,"column":4},"end":{"line":69,"column":null}},"42":{"start":{"line":56,"column":6},"end":{"line":56,"column":null}},"43":{"start":{"line":57,"column":6},"end":{"line":57,"column":null}},"44":{"start":{"line":58,"column":6},"end":{"line":58,"column":null}},"45":{"start":{"line":59,"column":6},"end":{"line":59,"column":null}},"46":{"start":{"line":60,"column":6},"end":{"line":60,"column":null}},"47":{"start":{"line":61,"column":6},"end":{"line":61,"column":null}},"48":{"start":{"line":62,"column":6},"end":{"line":62,"column":null}},"49":{"start":{"line":63,"column":6},"end":{"line":63,"column":null}},"50":{"start":{"line":64,"column":6},"end":{"line":64,"column":null}},"51":{"start":{"line":66,"column":6},"end":{"line":66,"column":null}},"52":{"start":{"line":67,"column":6},"end":{"line":67,"column":null}},"53":{"start":{"line":69,"column":6},"end":{"line":69,"column":null}},"54":{"start":{"line":73,"column":21},"end":{"line":112,"column":null}},"55":{"start":{"line":74,"column":4},"end":{"line":112,"column":null}},"56":{"start":{"line":75,"column":6},"end":{"line":75,"column":null}},"57":{"start":{"line":76,"column":6},"end":{"line":76,"column":null}},"58":{"start":{"line":78,"column":73},"end":{"line":85,"column":46}},"59":{"start":{"line":85,"column":21},"end":{"line":85,"column":46}},"60":{"start":{"line":87,"column":21},"end":{"line":94,"column":null}},"61":{"start":{"line":96,"column":19},"end":{"line":96,"column":92}},"62":{"start":{"line":97,"column":18},"end":{"line":97,"column":43}},"63":{"start":{"line":99,"column":16},"end":{"line":99,"column":43}},"64":{"start":{"line":100,"column":6},"end":{"line":100,"column":null}},"65":{"start":{"line":101,"column":6},"end":{"line":101,"column":null}},"66":{"start":{"line":102,"column":6},"end":{"line":102,"column":null}},"67":{"start":{"line":103,"column":6},"end":{"line":103,"column":null}},"68":{"start":{"line":104,"column":6},"end":{"line":104,"column":null}},"69":{"start":{"line":105,"column":6},"end":{"line":105,"column":null}},"70":{"start":{"line":107,"column":6},"end":{"line":107,"column":null}},"71":{"start":{"line":109,"column":6},"end":{"line":109,"column":null}},"72":{"start":{"line":110,"column":6},"end":{"line":110,"column":null}},"73":{"start":{"line":112,"column":6},"end":{"line":112,"column":null}},"74":{"start":{"line":116,"column":21},"end":{"line":207,"column":null}},"75":{"start":{"line":118,"column":18},"end":{"line":118,"column":49}},"76":{"start":{"line":119,"column":4},"end":{"line":119,"column":null}},"77":{"start":{"line":120,"column":4},"end":{"line":120,"column":null}},"78":{"start":{"line":122,"column":4},"end":{"line":204,"column":null}},"79":{"start":{"line":123,"column":19},"end":{"line":123,"column":null}},"80":{"start":{"line":124,"column":6},"end":{"line":124,"column":null}},"81":{"start":{"line":124,"column":17},"end":{"line":124,"column":null}},"82":{"start":{"line":126,"column":6},"end":{"line":128,"column":null}},"83":{"start":{"line":127,"column":8},"end":{"line":127,"column":null}},"84":{"start":{"line":128,"column":8},"end":{"line":128,"column":null}},"85":{"start":{"line":131,"column":21},"end":{"line":131,"column":37}},"86":{"start":{"line":132,"column":6},"end":{"line":201,"column":null}},"87":{"start":{"line":133,"column":8},"end":{"line":201,"column":null}},"88":{"start":{"line":134,"column":26},"end":{"line":134,"column":null}},"89":{"start":{"line":135,"column":25},"end":{"line":135,"column":44}},"90":{"start":{"line":137,"column":10},"end":{"line":138,"column":null}},"91":{"start":{"line":138,"column":12},"end":{"line":138,"column":null}},"92":{"start":{"line":142,"column":32},"end":{"line":145,"column":null}},"93":{"start":{"line":148,"column":10},"end":{"line":148,"column":null}},"94":{"start":{"line":148,"column":30},"end":{"line":148,"column":null}},"95":{"start":{"line":150,"column":10},"end":{"line":150,"column":null}},"96":{"start":{"line":151,"column":10},"end":{"line":151,"column":null}},"97":{"start":{"line":154,"column":23},"end":{"line":154,"column":null}},"98":{"start":{"line":155,"column":28},"end":{"line":155,"column":null}},"99":{"start":{"line":157,"column":10},"end":{"line":165,"column":null}},"100":{"start":{"line":158,"column":12},"end":{"line":165,"column":null}},"101":{"start":{"line":159,"column":31},"end":{"line":159,"column":72}},"102":{"start":{"line":160,"column":14},"end":{"line":163,"column":null}},"103":{"start":{"line":161,"column":16},"end":{"line":161,"column":null}},"104":{"start":{"line":163,"column":16},"end":{"line":163,"column":null}},"105":{"start":{"line":165,"column":14},"end":{"line":165,"column":null}},"106":{"start":{"line":170,"column":10},"end":{"line":172,"column":null}},"107":{"start":{"line":171,"column":12},"end":{"line":172,"column":null}},"108":{"start":{"line":172,"column":14},"end":{"line":172,"column":null}},"109":{"start":{"line":176,"column":10},"end":{"line":183,"column":null}},"110":{"start":{"line":177,"column":37},"end":{"line":177,"column":66}},"111":{"start":{"line":178,"column":12},"end":{"line":183,"column":null}},"112":{"start":{"line":179,"column":28},"end":{"line":179,"column":75}},"113":{"start":{"line":179,"column":55},"end":{"line":179,"column":75}},"114":{"start":{"line":180,"column":14},"end":{"line":183,"column":null}},"115":{"start":{"line":181,"column":16},"end":{"line":181,"column":null}},"116":{"start":{"line":183,"column":16},"end":{"line":183,"column":null}},"117":{"start":{"line":188,"column":10},"end":{"line":191,"column":null}},"118":{"start":{"line":190,"column":12},"end":{"line":191,"column":null}},"119":{"start":{"line":191,"column":14},"end":{"line":191,"column":null}},"120":{"start":{"line":195,"column":10},"end":{"line":195,"column":null}},"121":{"start":{"line":198,"column":10},"end":{"line":198,"column":null}},"122":{"start":{"line":199,"column":10},"end":{"line":199,"column":null}},"123":{"start":{"line":201,"column":10},"end":{"line":201,"column":null}},"124":{"start":{"line":204,"column":6},"end":{"line":204,"column":null}},"125":{"start":{"line":207,"column":4},"end":{"line":207,"column":null}},"126":{"start":{"line":210,"column":26},"end":{"line":230,"column":null}},"127":{"start":{"line":211,"column":4},"end":{"line":213,"column":null}},"128":{"start":{"line":212,"column":6},"end":{"line":212,"column":null}},"129":{"start":{"line":213,"column":6},"end":{"line":213,"column":null}},"130":{"start":{"line":216,"column":4},"end":{"line":216,"column":null}},"131":{"start":{"line":217,"column":4},"end":{"line":217,"column":null}},"132":{"start":{"line":218,"column":4},"end":{"line":230,"column":null}},"133":{"start":{"line":219,"column":18},"end":{"line":219,"column":50}},"134":{"start":{"line":220,"column":6},"end":{"line":225,"column":null}},"135":{"start":{"line":223,"column":8},"end":{"line":223,"column":null}},"136":{"start":{"line":225,"column":8},"end":{"line":225,"column":null}},"137":{"start":{"line":228,"column":6},"end":{"line":228,"column":null}},"138":{"start":{"line":230,"column":6},"end":{"line":230,"column":null}},"139":{"start":{"line":234,"column":23},"end":{"line":239,"column":null}},"140":{"start":{"line":241,"column":21},"end":{"line":244,"column":null}},"141":{"start":{"line":246,"column":26},"end":{"line":248,"column":null}},"142":{"start":{"line":250,"column":2},"end":{"line":436,"column":null}},"143":{"start":{"line":268,"column":33},"end":{"line":268,"column":null}},"144":{"start":{"line":273,"column":84},"end":{"line":273,"column":117}},"145":{"start":{"line":285,"column":33},"end":{"line":285,"column":null}},"146":{"start":{"line":292,"column":35},"end":{"line":292,"column":64}},"147":{"start":{"line":313,"column":33},"end":{"line":313,"column":null}},"148":{"start":{"line":322,"column":33},"end":{"line":322,"column":null}},"149":{"start":{"line":327,"column":80},"end":{"line":327,"column":106}},"150":{"start":{"line":352,"column":35},"end":{"line":352,"column":66}},"151":{"start":{"line":371,"column":20},"end":{"line":371,"column":null}},"152":{"start":{"line":371,"column":67},"end":{"line":371,"column":null}},"153":{"start":{"line":372,"column":33},"end":{"line":372,"column":79}},"154":{"start":{"line":373,"column":20},"end":{"line":373,"column":null}},"155":{"start":{"line":373,"column":30},"end":{"line":373,"column":null}}},"fnMap":{"0":{"name":"Settings","decl":{"start":{"line":6,"column":9},"end":{"line":6,"column":20}},"loc":{"start":{"line":6,"column":20},"end":{"line":436,"column":null}},"line":6},"1":{"name":"(anonymous_1)","decl":{"start":{"line":21,"column":2},"end":{"line":21,"column":18}},"loc":{"start":{"line":21,"column":18},"end":{"line":23,"column":7}},"line":21},"2":{"name":"(anonymous_2)","decl":{"start":{"line":25,"column":23},"end":{"line":25,"column":35}},"loc":{"start":{"line":25,"column":35},"end":{"line":39,"column":null}},"line":25},"3":{"name":"(anonymous_3)","decl":{"start":{"line":44,"column":2},"end":{"line":44,"column":18}},"loc":{"start":{"line":44,"column":18},"end":{"line":51,"column":6}},"line":44},"4":{"name":"(anonymous_4)","decl":{"start":{"line":47,"column":27},"end":{"line":47,"column":44}},"loc":{"start":{"line":47,"column":44},"end":{"line":49,"column":11}},"line":47},"5":{"name":"(anonymous_5)","decl":{"start":{"line":50,"column":4},"end":{"line":50,"column":17}},"loc":{"start":{"line":50,"column":17},"end":{"line":50,"column":51}},"line":50},"6":{"name":"(anonymous_6)","decl":{"start":{"line":53,"column":23},"end":{"line":53,"column":35}},"loc":{"start":{"line":53,"column":35},"end":{"line":69,"column":null}},"line":53},"7":{"name":"(anonymous_7)","decl":{"start":{"line":73,"column":21},"end":{"line":73,"column":33}},"loc":{"start":{"line":73,"column":33},"end":{"line":112,"column":null}},"line":73},"8":{"name":"(anonymous_8)","decl":{"start":{"line":85,"column":9},"end":{"line":85,"column":21}},"loc":{"start":{"line":85,"column":21},"end":{"line":85,"column":46}},"line":85},"9":{"name":"(anonymous_9)","decl":{"start":{"line":116,"column":21},"end":{"line":116,"column":33}},"loc":{"start":{"line":116,"column":33},"end":{"line":207,"column":null}},"line":116},"10":{"name":"(anonymous_10)","decl":{"start":{"line":122,"column":10},"end":{"line":122,"column":22}},"loc":{"start":{"line":122,"column":28},"end":{"line":204,"column":null}},"line":122},"11":{"name":"(anonymous_11)","decl":{"start":{"line":132,"column":22},"end":{"line":132,"column":29}},"loc":{"start":{"line":132,"column":39},"end":{"line":201,"column":null}},"line":132},"12":{"name":"(anonymous_12)","decl":{"start":{"line":172,"column":43},"end":{"line":172,"column":55}},"loc":{"start":{"line":172,"column":55},"end":{"line":172,"column":59}},"line":172},"13":{"name":"(anonymous_13)","decl":{"start":{"line":179,"column":45},"end":{"line":179,"column":50}},"loc":{"start":{"line":179,"column":55},"end":{"line":179,"column":75}},"line":179},"14":{"name":"(anonymous_14)","decl":{"start":{"line":181,"column":59},"end":{"line":181,"column":71}},"loc":{"start":{"line":181,"column":71},"end":{"line":181,"column":75}},"line":181},"15":{"name":"(anonymous_15)","decl":{"start":{"line":183,"column":49},"end":{"line":183,"column":61}},"loc":{"start":{"line":183,"column":61},"end":{"line":183,"column":65}},"line":183},"16":{"name":"(anonymous_16)","decl":{"start":{"line":191,"column":47},"end":{"line":191,"column":59}},"loc":{"start":{"line":191,"column":59},"end":{"line":191,"column":63}},"line":191},"17":{"name":"(anonymous_17)","decl":{"start":{"line":210,"column":26},"end":{"line":210,"column":38}},"loc":{"start":{"line":210,"column":38},"end":{"line":230,"column":null}},"line":210},"18":{"name":"(anonymous_18)","decl":{"start":{"line":268,"column":16},"end":{"line":268,"column":27}},"loc":{"start":{"line":268,"column":33},"end":{"line":268,"column":null}},"line":268},"19":{"name":"(anonymous_19)","decl":{"start":{"line":273,"column":67},"end":{"line":273,"column":78}},"loc":{"start":{"line":273,"column":84},"end":{"line":273,"column":117}},"line":273},"20":{"name":"(anonymous_20)","decl":{"start":{"line":285,"column":16},"end":{"line":285,"column":27}},"loc":{"start":{"line":285,"column":33},"end":{"line":285,"column":null}},"line":285},"21":{"name":"(anonymous_21)","decl":{"start":{"line":292,"column":18},"end":{"line":292,"column":29}},"loc":{"start":{"line":292,"column":35},"end":{"line":292,"column":64}},"line":292},"22":{"name":"(anonymous_22)","decl":{"start":{"line":313,"column":16},"end":{"line":313,"column":27}},"loc":{"start":{"line":313,"column":33},"end":{"line":313,"column":null}},"line":313},"23":{"name":"(anonymous_23)","decl":{"start":{"line":322,"column":16},"end":{"line":322,"column":27}},"loc":{"start":{"line":322,"column":33},"end":{"line":322,"column":null}},"line":322},"24":{"name":"(anonymous_24)","decl":{"start":{"line":327,"column":63},"end":{"line":327,"column":74}},"loc":{"start":{"line":327,"column":80},"end":{"line":327,"column":106}},"line":327},"25":{"name":"(anonymous_25)","decl":{"start":{"line":352,"column":18},"end":{"line":352,"column":29}},"loc":{"start":{"line":352,"column":35},"end":{"line":352,"column":66}},"line":352},"26":{"name":"(anonymous_26)","decl":{"start":{"line":370,"column":112},"end":{"line":370,"column":124}},"loc":{"start":{"line":370,"column":124},"end":{"line":373,"column":null}},"line":370}},"branchMap":{"0":{"loc":{"start":{"line":28,"column":6},"end":{"line":28,"column":null}},"type":"if","locations":[{"start":{"line":28,"column":6},"end":{"line":28,"column":null}},{"start":{},"end":{}}],"line":28},"1":{"loc":{"start":{"line":29,"column":18},"end":{"line":29,"column":52}},"type":"binary-expr","locations":[{"start":{"line":29,"column":18},"end":{"line":29,"column":39}},{"start":{"line":29,"column":39},"end":{"line":29,"column":52}}],"line":29},"2":{"loc":{"start":{"line":30,"column":20},"end":{"line":30,"column":46}},"type":"binary-expr","locations":[{"start":{"line":30,"column":20},"end":{"line":30,"column":43}},{"start":{"line":30,"column":43},"end":{"line":30,"column":46}}],"line":30},"3":{"loc":{"start":{"line":31,"column":18},"end":{"line":31,"column":42}},"type":"binary-expr","locations":[{"start":{"line":31,"column":18},"end":{"line":31,"column":39}},{"start":{"line":31,"column":39},"end":{"line":31,"column":42}}],"line":31},"4":{"loc":{"start":{"line":32,"column":17},"end":{"line":32,"column":53}},"type":"binary-expr","locations":[{"start":{"line":32,"column":17},"end":{"line":32,"column":37}},{"start":{"line":32,"column":37},"end":{"line":32,"column":53}}],"line":32},"5":{"loc":{"start":{"line":34,"column":25},"end":{"line":34,"column":66}},"type":"binary-expr","locations":[{"start":{"line":34,"column":25},"end":{"line":34,"column":59}},{"start":{"line":34,"column":63},"end":{"line":34,"column":66}}],"line":34},"6":{"loc":{"start":{"line":35,"column":20},"end":{"line":35,"column":83}},"type":"binary-expr","locations":[{"start":{"line":35,"column":20},"end":{"line":35,"column":54}},{"start":{"line":35,"column":54},"end":{"line":35,"column":83}}],"line":35},"7":{"loc":{"start":{"line":36,"column":20},"end":{"line":36,"column":46}},"type":"binary-expr","locations":[{"start":{"line":36,"column":20},"end":{"line":36,"column":43}},{"start":{"line":36,"column":43},"end":{"line":36,"column":46}}],"line":36},"8":{"loc":{"start":{"line":45,"column":4},"end":{"line":45,"column":null}},"type":"if","locations":[{"start":{"line":45,"column":4},"end":{"line":45,"column":null}},{"start":{},"end":{}}],"line":45},"9":{"loc":{"start":{"line":46,"column":4},"end":{"line":46,"column":null}},"type":"if","locations":[{"start":{"line":46,"column":4},"end":{"line":46,"column":null}},{"start":{},"end":{}}],"line":46},"10":{"loc":{"start":{"line":92,"column":20},"end":{"line":92,"column":null}},"type":"binary-expr","locations":[{"start":{"line":92,"column":20},"end":{"line":92,"column":35}},{"start":{"line":92,"column":35},"end":{"line":92,"column":null}}],"line":92},"11":{"loc":{"start":{"line":124,"column":6},"end":{"line":124,"column":null}},"type":"if","locations":[{"start":{"line":124,"column":6},"end":{"line":124,"column":null}},{"start":{},"end":{}}],"line":124},"12":{"loc":{"start":{"line":126,"column":6},"end":{"line":128,"column":null}},"type":"if","locations":[{"start":{"line":126,"column":6},"end":{"line":128,"column":null}},{"start":{},"end":{}}],"line":126},"13":{"loc":{"start":{"line":137,"column":10},"end":{"line":138,"column":null}},"type":"if","locations":[{"start":{"line":137,"column":10},"end":{"line":138,"column":null}},{"start":{},"end":{}}],"line":137},"14":{"loc":{"start":{"line":137,"column":14},"end":{"line":137,"column":79}},"type":"binary-expr","locations":[{"start":{"line":137,"column":14},"end":{"line":137,"column":31}},{"start":{"line":137,"column":31},"end":{"line":137,"column":55}},{"start":{"line":137,"column":55},"end":{"line":137,"column":79}}],"line":137},"15":{"loc":{"start":{"line":143,"column":26},"end":{"line":143,"column":49}},"type":"binary-expr","locations":[{"start":{"line":143,"column":26},"end":{"line":143,"column":44}},{"start":{"line":143,"column":44},"end":{"line":143,"column":49}}],"line":143},"16":{"loc":{"start":{"line":144,"column":18},"end":{"line":144,"column":51}},"type":"binary-expr","locations":[{"start":{"line":144,"column":18},"end":{"line":144,"column":49}},{"start":{"line":144,"column":49},"end":{"line":144,"column":51}}],"line":144},"17":{"loc":{"start":{"line":144,"column":58},"end":{"line":144,"column":92}},"type":"binary-expr","locations":[{"start":{"line":144,"column":58},"end":{"line":144,"column":90}},{"start":{"line":144,"column":90},"end":{"line":144,"column":92}}],"line":144},"18":{"loc":{"start":{"line":148,"column":10},"end":{"line":148,"column":null}},"type":"if","locations":[{"start":{"line":148,"column":10},"end":{"line":148,"column":null}},{"start":{},"end":{}}],"line":148},"19":{"loc":{"start":{"line":157,"column":10},"end":{"line":165,"column":null}},"type":"if","locations":[{"start":{"line":157,"column":10},"end":{"line":165,"column":null}},{"start":{},"end":{}}],"line":157},"20":{"loc":{"start":{"line":160,"column":14},"end":{"line":163,"column":null}},"type":"if","locations":[{"start":{"line":160,"column":14},"end":{"line":163,"column":null}},{"start":{"line":162,"column":21},"end":{"line":163,"column":null}}],"line":160},"21":{"loc":{"start":{"line":170,"column":10},"end":{"line":172,"column":null}},"type":"if","locations":[{"start":{"line":170,"column":10},"end":{"line":172,"column":null}},{"start":{},"end":{}}],"line":170},"22":{"loc":{"start":{"line":176,"column":10},"end":{"line":183,"column":null}},"type":"if","locations":[{"start":{"line":176,"column":10},"end":{"line":183,"column":null}},{"start":{},"end":{}}],"line":176},"23":{"loc":{"start":{"line":180,"column":14},"end":{"line":183,"column":null}},"type":"if","locations":[{"start":{"line":180,"column":14},"end":{"line":183,"column":null}},{"start":{"line":182,"column":21},"end":{"line":183,"column":null}}],"line":180},"24":{"loc":{"start":{"line":188,"column":10},"end":{"line":191,"column":null}},"type":"if","locations":[{"start":{"line":188,"column":10},"end":{"line":191,"column":null}},{"start":{},"end":{}}],"line":188},"25":{"loc":{"start":{"line":211,"column":4},"end":{"line":213,"column":null}},"type":"if","locations":[{"start":{"line":211,"column":4},"end":{"line":213,"column":null}},{"start":{},"end":{}}],"line":211},"26":{"loc":{"start":{"line":220,"column":6},"end":{"line":225,"column":null}},"type":"if","locations":[{"start":{"line":220,"column":6},"end":{"line":225,"column":null}},{"start":{"line":224,"column":13},"end":{"line":225,"column":null}}],"line":220},"27":{"loc":{"start":{"line":225,"column":18},"end":{"line":225,"column":46}},"type":"binary-expr","locations":[{"start":{"line":225,"column":18},"end":{"line":225,"column":33}},{"start":{"line":225,"column":33},"end":{"line":225,"column":46}}],"line":225},"28":{"loc":{"start":{"line":361,"column":37},"end":{"line":361,"column":59}},"type":"cond-expr","locations":[{"start":{"line":361,"column":50},"end":{"line":361,"column":54}},{"start":{"line":361,"column":54},"end":{"line":361,"column":59}}],"line":361},"29":{"loc":{"start":{"line":361,"column":74},"end":{"line":361,"column":104}},"type":"cond-expr","locations":[{"start":{"line":361,"column":87},"end":{"line":361,"column":96}},{"start":{"line":361,"column":96},"end":{"line":361,"column":104}}],"line":361},"30":{"loc":{"start":{"line":371,"column":20},"end":{"line":371,"column":null}},"type":"if","locations":[{"start":{"line":371,"column":20},"end":{"line":371,"column":null}},{"start":{},"end":{}}],"line":371},"31":{"loc":{"start":{"line":373,"column":20},"end":{"line":373,"column":null}},"type":"if","locations":[{"start":{"line":373,"column":20},"end":{"line":373,"column":null}},{"start":{},"end":{}}],"line":373},"32":{"loc":{"start":{"line":419,"column":17},"end":{"line":419,"column":null}},"type":"cond-expr","locations":[{"start":{"line":419,"column":34},"end":{"line":419,"column":46}},{"start":{"line":419,"column":46},"end":{"line":419,"column":null}}],"line":419},"33":{"loc":{"start":{"line":435,"column":12},"end":{"line":435,"column":null}},"type":"cond-expr","locations":[{"start":{"line":435,"column":21},"end":{"line":435,"column":32}},{"start":{"line":435,"column":32},"end":{"line":435,"column":null}}],"line":435}},"s":{"0":11,"1":11,"2":11,"3":11,"4":11,"5":11,"6":11,"7":11,"8":11,"9":11,"10":11,"11":11,"12":11,"13":11,"14":3,"15":11,"16":3,"17":3,"18":3,"19":0,"20":3,"21":3,"22":3,"23":3,"24":3,"25":3,"26":3,"27":3,"28":3,"29":0,"30":11,"31":7,"32":3,"33":4,"34":4,"35":4,"36":1,"37":4,"38":4,"39":11,"40":2,"41":2,"42":2,"43":2,"44":2,"45":2,"46":2,"47":2,"48":2,"49":2,"50":2,"51":0,"52":0,"53":2,"54":11,"55":0,"56":0,"57":0,"58":0,"59":0,"60":0,"61":0,"62":0,"63":0,"64":0,"65":0,"66":0,"67":0,"68":0,"69":0,"70":0,"71":0,"72":0,"73":0,"74":11,"75":0,"76":0,"77":0,"78":0,"79":0,"80":0,"81":0,"82":0,"83":0,"84":0,"85":0,"86":0,"87":0,"88":0,"89":0,"90":0,"91":0,"92":0,"93":0,"94":0,"95":0,"96":0,"97":0,"98":0,"99":0,"100":0,"101":0,"102":0,"103":0,"104":0,"105":0,"106":0,"107":0,"108":0,"109":0,"110":0,"111":0,"112":0,"113":0,"114":0,"115":0,"116":0,"117":0,"118":0,"119":0,"120":0,"121":0,"122":0,"123":0,"124":0,"125":0,"126":11,"127":0,"128":0,"129":0,"130":0,"131":0,"132":0,"133":0,"134":0,"135":0,"136":0,"137":0,"138":0,"139":11,"140":11,"141":11,"142":11,"143":0,"144":0,"145":1,"146":0,"147":0,"148":0,"149":0,"150":0,"151":0,"152":0,"153":0,"154":0,"155":0},"f":{"0":11,"1":3,"2":3,"3":7,"4":1,"5":4,"6":2,"7":0,"8":0,"9":0,"10":0,"11":0,"12":0,"13":0,"14":0,"15":0,"16":0,"17":0,"18":0,"19":0,"20":1,"21":0,"22":0,"23":0,"24":0,"25":0,"26":0},"b":{"0":[0,3],"1":[3,0],"2":[3,0],"3":[3,0],"4":[3,0],"5":[3,0],"6":[3,3],"7":[3,0],"8":[3,4],"9":[1,3],"10":[0,0],"11":[0,0],"12":[0,0],"13":[0,0],"14":[0,0,0],"15":[0,0],"16":[0,0],"17":[0,0],"18":[0,0],"19":[0,0],"20":[0,0],"21":[0,0],"22":[0,0],"23":[0,0],"24":[0,0],"25":[0,0],"26":[0,0],"27":[0,0],"28":[8,3],"29":[8,3],"30":[0,0],"31":[0,0],"32":[0,11],"33":[2,9]},"meta":{"lastBranch":34,"lastFunction":27,"lastStatement":156,"seen":{"f:6:9:6:20":0,"s:7:8:7:26":0,"s:8:19:8:56":1,"s:9:21:9:50":2,"s:10:19:10:46":3,"s:11:18:11:57":4,"s:12:19:12:48":5,"s:13:26:13:60":6,"s:14:21:14:53":7,"s:15:21:15:50":8,"s:16:17:16:45":9,"s:17:25:17:61":10,"s:18:25:18:61":11,"s:19:8:19:35":12,"s:21:2:23:Infinity":13,"f:21:2:21:18":1,"s:22:4:22:Infinity":14,"s:25:23:39:Infinity":15,"f:25:23:25:35":2,"s:26:4:39:Infinity":16,"s:27:23:27:52":17,"b:28:6:28:Infinity:undefined:undefined:undefined:undefined":0,"s:28:6:28:Infinity":18,"s:28:21:28:Infinity":19,"s:29:6:29:Infinity":20,"b:29:18:29:39:29:39:29:52":1,"s:30:6:30:Infinity":21,"b:30:20:30:43:30:43:30:46":2,"s:31:6:31:Infinity":22,"b:31:18:31:39:31:39:31:42":3,"s:32:6:32:Infinity":23,"b:32:17:32:37:32:37:32:53":4,"s:33:6:33:Infinity":24,"s:34:6:34:Infinity":25,"b:34:25:34:59:34:63:34:66":5,"s:35:6:35:Infinity":26,"b:35:20:35:54:35:54:35:83":6,"s:36:6:36:Infinity":27,"b:36:20:36:43:36:43:36:46":7,"s:37:6:37:Infinity":28,"s:39:6:39:Infinity":29,"s:44:2:51:Infinity":30,"f:44:2:44:18":3,"b:45:4:45:Infinity:undefined:undefined:undefined:undefined":8,"s:45:4:45:Infinity":31,"s:45:25:45:Infinity":32,"b:46:4:46:Infinity:undefined:undefined:undefined:undefined":9,"s:46:4:46:Infinity":33,"s:46:30:46:Infinity":34,"s:47:4:49:Infinity":35,"f:47:27:47:44":4,"s:48:6:48:Infinity":36,"s:50:4:50:Infinity":37,"f:50:4:50:17":5,"s:50:17:50:51":38,"s:53:23:69:Infinity":39,"f:53:23:53:35":6,"s:54:4:54:Infinity":40,"s:55:4:69:Infinity":41,"s:56:6:56:Infinity":42,"s:57:6:57:Infinity":43,"s:58:6:58:Infinity":44,"s:59:6:59:Infinity":45,"s:60:6:60:Infinity":46,"s:61:6:61:Infinity":47,"s:62:6:62:Infinity":48,"s:63:6:63:Infinity":49,"s:64:6:64:Infinity":50,"s:66:6:66:Infinity":51,"s:67:6:67:Infinity":52,"s:69:6:69:Infinity":53,"s:73:21:112:Infinity":54,"f:73:21:73:33":7,"s:74:4:112:Infinity":55,"s:75:6:75:Infinity":56,"s:76:6:76:Infinity":57,"s:78:73:85:46":58,"f:85:9:85:21":8,"s:85:21:85:46":59,"s:87:21:94:Infinity":60,"b:92:20:92:35:92:35:92:Infinity":10,"s:96:19:96:92":61,"s:97:18:97:43":62,"s:99:16:99:43":63,"s:100:6:100:Infinity":64,"s:101:6:101:Infinity":65,"s:102:6:102:Infinity":66,"s:103:6:103:Infinity":67,"s:104:6:104:Infinity":68,"s:105:6:105:Infinity":69,"s:107:6:107:Infinity":70,"s:109:6:109:Infinity":71,"s:110:6:110:Infinity":72,"s:112:6:112:Infinity":73,"s:116:21:207:Infinity":74,"f:116:21:116:33":9,"s:118:18:118:49":75,"s:119:4:119:Infinity":76,"s:120:4:120:Infinity":77,"s:122:4:204:Infinity":78,"f:122:10:122:22":10,"s:123:19:123:Infinity":79,"b:124:6:124:Infinity:undefined:undefined:undefined:undefined":11,"s:124:6:124:Infinity":80,"s:124:17:124:Infinity":81,"b:126:6:128:Infinity:undefined:undefined:undefined:undefined":12,"s:126:6:128:Infinity":82,"s:127:8:127:Infinity":83,"s:128:8:128:Infinity":84,"s:131:21:131:37":85,"s:132:6:201:Infinity":86,"f:132:22:132:29":11,"s:133:8:201:Infinity":87,"s:134:26:134:Infinity":88,"s:135:25:135:44":89,"b:137:10:138:Infinity:undefined:undefined:undefined:undefined":13,"s:137:10:138:Infinity":90,"b:137:14:137:31:137:31:137:55:137:55:137:79":14,"s:138:12:138:Infinity":91,"s:142:32:145:Infinity":92,"b:143:26:143:44:143:44:143:49":15,"b:144:18:144:49:144:49:144:51":16,"b:144:58:144:90:144:90:144:92":17,"b:148:10:148:Infinity:undefined:undefined:undefined:undefined":18,"s:148:10:148:Infinity":93,"s:148:30:148:Infinity":94,"s:150:10:150:Infinity":95,"s:151:10:151:Infinity":96,"s:154:23:154:Infinity":97,"s:155:28:155:Infinity":98,"b:157:10:165:Infinity:undefined:undefined:undefined:undefined":19,"s:157:10:165:Infinity":99,"s:158:12:165:Infinity":100,"s:159:31:159:72":101,"b:160:14:163:Infinity:162:21:163:Infinity":20,"s:160:14:163:Infinity":102,"s:161:16:161:Infinity":103,"s:163:16:163:Infinity":104,"s:165:14:165:Infinity":105,"b:170:10:172:Infinity:undefined:undefined:undefined:undefined":21,"s:170:10:172:Infinity":106,"s:171:12:172:Infinity":107,"s:172:14:172:Infinity":108,"f:172:43:172:55":12,"b:176:10:183:Infinity:undefined:undefined:undefined:undefined":22,"s:176:10:183:Infinity":109,"s:177:37:177:66":110,"s:178:12:183:Infinity":111,"s:179:28:179:75":112,"f:179:45:179:50":13,"s:179:55:179:75":113,"b:180:14:183:Infinity:182:21:183:Infinity":23,"s:180:14:183:Infinity":114,"s:181:16:181:Infinity":115,"f:181:59:181:71":14,"s:183:16:183:Infinity":116,"f:183:49:183:61":15,"b:188:10:191:Infinity:undefined:undefined:undefined:undefined":24,"s:188:10:191:Infinity":117,"s:190:12:191:Infinity":118,"s:191:14:191:Infinity":119,"f:191:47:191:59":16,"s:195:10:195:Infinity":120,"s:198:10:198:Infinity":121,"s:199:10:199:Infinity":122,"s:201:10:201:Infinity":123,"s:204:6:204:Infinity":124,"s:207:4:207:Infinity":125,"s:210:26:230:Infinity":126,"f:210:26:210:38":17,"b:211:4:213:Infinity:undefined:undefined:undefined:undefined":25,"s:211:4:213:Infinity":127,"s:212:6:212:Infinity":128,"s:213:6:213:Infinity":129,"s:216:4:216:Infinity":130,"s:217:4:217:Infinity":131,"s:218:4:230:Infinity":132,"s:219:18:219:50":133,"b:220:6:225:Infinity:224:13:225:Infinity":26,"s:220:6:225:Infinity":134,"s:223:8:223:Infinity":135,"s:225:8:225:Infinity":136,"b:225:18:225:33:225:33:225:46":27,"s:228:6:228:Infinity":137,"s:230:6:230:Infinity":138,"s:234:23:239:Infinity":139,"s:241:21:244:Infinity":140,"s:246:26:248:Infinity":141,"s:250:2:436:Infinity":142,"f:268:16:268:27":18,"s:268:33:268:Infinity":143,"f:273:67:273:78":19,"s:273:84:273:117":144,"f:285:16:285:27":20,"s:285:33:285:Infinity":145,"f:292:18:292:29":21,"s:292:35:292:64":146,"f:313:16:313:27":22,"s:313:33:313:Infinity":147,"f:322:16:322:27":23,"s:322:33:322:Infinity":148,"f:327:63:327:74":24,"s:327:80:327:106":149,"f:352:18:352:29":25,"s:352:35:352:66":150,"b:361:50:361:54:361:54:361:59":28,"b:361:87:361:96:361:96:361:104":29,"f:370:112:370:124":26,"b:371:20:371:Infinity:undefined:undefined:undefined:undefined":30,"s:371:20:371:Infinity":151,"s:371:67:371:Infinity":152,"s:372:33:372:79":153,"b:373:20:373:Infinity:undefined:undefined:undefined:undefined":31,"s:373:20:373:Infinity":154,"s:373:30:373:Infinity":155,"b:419:34:419:46:419:46:419:Infinity":32,"b:435:21:435:32:435:32:435:Infinity":33}}}
[...]
,"column":null}},"76":{"start":{"line":139,"column":19},"end":{"line":139,"column":null}},"77":{"start":{"line":140,"column":30},"end":{"line":140,"column":null}},"78":{"start":{"line":141,"column":28},"end":{"line":141,"column":null}},"79":{"start":{"line":143,"column":16},"end":{"line":155,"column":null}},"80":{"start":{"line":157,"column":2},"end":{"line":160,"column":null}},"81":{"start":{"line":165,"column":8},"end":{"line":165,"column":41}},"82":{"start":{"line":166,"column":2},"end":{"line":166,"column":null}},"83":{"start":{"line":166,"column":12},"end":{"line":166,"column":null}},"84":{"start":{"line":167,"column":2},"end":{"line":167,"column":null}}},"fnMap":{"0":{"name":"PomodoroProvider","decl":{"start":{"line":12,"column":16},"end":{"line":12,"column":33}},"loc":{"start":{"line":12,"column":47},"end":{"line":160,"column":null}},"line":12},"1":{"name":"(anonymous_1)","decl":{"start":{"line":33,"column":2},"end":{"line":33,"column":18}},"loc":{"start":{"line":33,"column":18},"end":{"line":39,"column":7}},"line":33},"2":{"name":"(anonymous_2)","decl":{"start":{"line":41,"column":23},"end":{"line":41,"column":35}},"loc":{"start":{"line":41,"column":35},"end":{"line":45,"column":null}},"line":41},"3":{"name":"(anonymous_3)","decl":{"start":{"line":48,"column":25},"end":{"line":48,"column":37}},"loc":{"start":{"line":48,"column":37},"end":{"line":55,"column":null}},"line":48},"4":{"name":"(anonymous_4)","decl":{"start":{"line":59,"column":2},"end":{"line":59,"column":18}},"loc":{"start":{"line":59,"column":18},"end":{"line":63,"column":6}},"line":59},"5":{"name":"(anonymous_5)","decl":{"start":{"line":66,"column":2},"end":{"line":66,"column":18}},"loc":{"start":{"line":66,"column":18},"end":{"line":71,"column":6}},"line":66},"6":{"name":"(anonymous_6)","decl":{"start":{"line":74,"column":42},"end":{"line":74,"column":54}},"loc":{"start":{"line":74,"column":54},"end":{"line":100,"column":6}},"line":74},"7":{"name":"(anonymous_7)","decl":{"start":{"line":96,"column":57},"end":{"line":96,"column":69}},"loc":{"start":{"line":96,"column":69},"end":{"line":96,"column":73}},"line":96},"8":{"name":"(anonymous_8)","decl":{"start":{"line":103,"column":2},"end":{"line":103,"column":18}},"loc":{"start":{"line":103,"column":18},"end":{"line":121,"column":6}},"line":103},"9":{"name":"(anonymous_9)","decl":{"start":{"line":109,"column":17},"end":{"line":109,"column":35}},"loc":{"start":{"line":109,"column":35},"end":{"line":116,"column":14}},"line":109},"10":{"name":"(anonymous_10)","decl":{"start":{"line":120,"column":4},"end":{"line":120,"column":17}},"loc":{"start":{"line":120,"column":17},"end":{"line":120,"column":40}},"line":120},"11":{"name":"(anonymous_11)","decl":{"start":{"line":123,"column":8},"end":{"line":123,"column":28}},"loc":{"start":{"line":123,"column":28},"end":{"line":124,"column":null}},"line":123},"12":{"name":"(anonymous_12)","decl":{"start":{"line":127,"column":8},"end":{"line":127,"column":27}},"loc":{"start":{"line":127,"column":27},"end":{"line":130,"column":null}},"line":127},"13":{"name":"(anonymous_13)","decl":{"start":{"line":133,"column":8},"end":{"line":133,"column":22}},"loc":{"start":{"line":133,"column":34},"end":{"line":136,"column":null}},"line":133},"14":{"name":"usePomodoroContext","decl":{"start":{"line":164,"column":16},"end":{"line":164,"column":37}},"loc":{"start":{"line":164,"column":37},"end":{"line":167,"column":null}},"line":164}},"branchMap":{"0":{"loc":{"start":{"line":14,"column":26},"end":{"line":14,"column":75}},"type":"binary-expr","locations":[{"start":{"line":14,"column":26},"end":{"line":14,"column":65}},{"start":{"line":14,"column":69},"end":{"line":14,"column":75}}],"line":14},"1":{"loc":{"start":{"line":36,"column":4},"end":{"line":37,"column":null}},"type":"if","locations":[{"start":{"line":36,"column":4},"end":{"line":37,"column":null}},{"start":{},"end":{}}],"line":36},"2":{"loc":{"start":{"line":36,"column":8},"end":{"line":36,"column":75}},"type":"binary-expr","locations":[{"start":{"line":36,"column":8},"end":{"line":36,"column":36}},{"start":{"line":36,"column":36},"end":{"line":36,"column":75}}],"line":36},"3":{"loc":{"start":{"line":44,"column":18},"end":{"line":44,"column":28}},"type":"binary-expr","locations":[{"start":{"line":44,"column":18},"end":{"line":44,"column":26}},{"start":{"line":44,"column":26},"end":{"line":44,"column":28}}],"line":44},"4":{"loc":{"start":{"line":52,"column":20},"end":{"line":52,"column":31}},"type":"binary-expr","locations":[{"start":{"line":52,"column":20},"end":{"line":52,"column":29}},{"start":{"line":52,"column":29},"end":{"line":52,"column":31}}],"line":52},"5":{"loc":{"start":{"line":54,"column":20},"end":{"line":54,"column":31}},"type":"binary-expr","locations":[{"start":{"line":54,"column":20},"end":{"line":54,"column":29}},{"start":{"line":54,"column":29},"end":{"line":54,"column":31}}],"line":54},"6":{"loc":{"start":{"line":67,"column":4},"end":{"line":68,"column":null}},"type":"if","locations":[{"start":{"line":67,"column":4},"end":{"line":68,"column":null}},{"start":{},"end":{}}],"line":67},"7":{"loc":{"start":{"line":67,"column":8},"end":{"line":67,"column":42}},"type":"binary-expr","locations":[{"start":{"line":67,"column":8},"end":{"line":67,"column":30}},{"start":{"line":67,"column":30},"end":{"line":67,"column":42}}],"line":67},"8":{"loc":{"start":{"line":78,"column":4},"end":{"line":82,"column":null}},"type":"if","locations":[{"start":{"line":78,"column":4},"end":{"line":82,"column":null}},{"start":{},"end":{}}],"line":78},"9":{"loc":{"start":{"line":78,"column":8},"end":{"line":78,"column":75}},"type":"binary-expr","locations":[{"start":{"line":78,"column":8},"end":{"line":78,"column":36}},{"start":{"line":78,"column":36},"end":{"line":78,"column":75}}],"line":78},"10":{"loc":{"start":{"line":80,"column":14},"end":{"line":80,"column":null}},"type":"cond-expr","locations":[{"start":{"line":80,"column":35},"end":{"line":80,"column":51}},{"start":{"line":80,"column":51},"end":{"line":80,"column":null}}],"line":80},"11":{"loc":{"start":{"line":85,"column":4},"end":{"line":97,"column":null}},"type":"if","locations":[{"start":{"line":85,"column":4},"end":{"line":97,"column":null}},{"start":{"line":95,"column":11},"end":{"line":97,"column":null}}],"line":85},"12":{"loc":{"start":{"line":105,"column":4},"end":{"line":118,"column":null}},"type":"if","locations":[{"start":{"line":105,"column":4},"end":{"line":118,"column":null}},{"start":{"line":117,"column":11},"end":{"line":118,"column":null}}],"line":105},"13":{"loc":{"start":{"line":106,"column":6},"end":{"line":107,"column":null}},"type":"if","locations":[{"start":{"line":106,"column":6},"end":{"line":107,"column":null}},{"start":{},"end":{}}],"line":106},"14":{"loc":{"start":{"line":112,"column":8},"end":{"line":114,"column":null}},"type":"if","locations":[{"start":{"line":112,"column":8},"end":{"line":114,"column":null}},{"start":{},"end":{}}],"line":112},"15":{"loc":{"start":{"line":166,"column":2},"end":{"line":166,"column":null}},"type":"if","locations":[{"start":{"line":166,"column":2},"end":{"line":166,"column":null}},{"start":{},"end":{}}],"line":166}},"s":{"0":1,"1":1,"2":14,"3":14,"4":14,"5":14,"6":14,"7":14,"8":14,"9":14,"10":14,"11":14,"12":14,"13":14,"14":4,"15":4,"16":4,"17":0,"18":14,"19":4,"20":4,"21":4,"22":0,"23":14,"24":4,"25":4,"26":4,"27":4,"28":4,"29":4,"30":0,"31":14,"32":6,"33":6,"34":6,"35":14,"36":5,"37":4,"38":14,"39":0,"40":0,"41":0,"42":0,"43":0,"44":0,"45":0,"46":0,"47":0,"48":0,"49":0,"50":0,"51":0,"52":14,"53":7,"54":7,"55":1,"56":1,"57":1,"58":1,"59":1,"60":1,"61":0,"62":0,"63":6,"64":7,"65":7,"66":14,"67":1,"68":14,"69":0,"70":0,"71":0,"72":14,"73":15,"74":15,"75":15,"76":14,"77":14,"78":14,"79":14,"80":14,"81":15,"82":15,"83":0,"84":15},"f":{"0":14,"1":4,"2":4,"3":4,"4":6,"5":5,"6":0,"7":0,"8":7,"9":1,"10":7,"11":1,"12":0,"13":15,"14":15},"b":{"0":[14,0],"1":[0,4],"2":[4,0],"3":[4,0],"4":[4,0],"5":[4,4],"6":[4,1],"7":[5,5],"8":[0,0],"9":[0,0],"10":[0,0],"11":[0,0],"12":[1,6],"13":[1,0],"14":[0,1],"15":[0,15]},"meta":{"lastBranch":16,"lastFunction":15,"lastStatement":85,"seen":{"s:4:6:4:43":0,"s:6:14:10:Infinity":1,"f:12:16:12:33":0,"s:13:84:13:114":2,"s:14:8:14:Infinity":3,"b:14:26:14:65:14:69:14:75":0,"s:16:23:19:Infinity":4,"s:21:15:21:53":5,"s:22:19:22:66":6,"s:23:20:23:51":7,"s:26:19:26:46":8,"s:27:26:27:62":9,"s:28:21:28:50":10,"s:29:21:29:49":11,"s:31:8:31:33":12,"s:33:2:39:Infinity":13,"f:33:2:33:18":1,"s:34:4:34:Infinity":14,"s:35:4:35:Infinity":15,"b:36:4:37:Infinity:undefined:undefined:undefined:undefined":1,"s:36:4:37:Infinity":16,"b:36:8:36:36:36:36:36:75":2,"s:37:6:37:Infinity":17,"s:41:23:45:Infinity":18,"f:41:23:41:35":2,"s:42:4:45:Infinity":19,"s:43:19:43:45":20,"s:44:6:44:Infinity":21,"b:44:18:44:26:44:26:44:28":3,"s:45:18:45:Infinity":22,"s:48:25:55:Infinity":23,"f:48:25:48:37":3,"s:49:18:49:Infinity":24,"s:50:4:55:Infinity":25,"s:51:20:51:53":26,"s:52:6:52:Infinity":27,"b:52:20:52:29:52:29:52:31":4,"s:53:20:53:58":28,"s:54:6:54:Infinity":29,"b:54:20:54:29:54:29:54:31":5,"s:55:18:55:Infinity":30,"s:59:2:63:Infinity":31,"f:59:2:59:18":4,"s:60:4:60:Infinity":32,"s:61:4:61:Infinity":33,"s:62:4:62:Infinity":34,"s:66:2:71:Infinity":35,"f:66:2:66:18":5,"b:67:4:68:Infinity:undefined:undefined:undefined:undefined":6,"s:67:4:68:Infinity":36,"b:67:8:67:30:67:30:67:42":7,"s:68:6:68:Infinity":37,"s:74:8:100:29":38,"f:74:42:74:54":6,"s:75:4:75:Infinity":39,"s:76:4:76:Infinity":40,"b:78:4:82:Infinity:undefined:undefined:undefined:undefined":8,"s:78:4:82:Infinity":41,"b:78:8:78:36:78:36:78:75":9,"s:79:6:82:Infinity":42,"b:80:35:80:51:80:51:80:Infinity":10,"b:85:4:97:Infinity:95:11:97:Infinity":11,"s:85:4:97:Infinity":43,"s:86:6:93:Infinity":44,"s:87:8:90:Infinity":45,"s:91:8:91:Infinity":46,"s:92:8:92:Infinity":47,"s:93:20:93:Infinity":48,"s:94:6:94:Infinity":49,"s:96:6:96:Infinity":50,"f:96:57:96:69":7,"s:97:6:97:Infinity":51,"s:103:2:121:Infinity":52,"f:103:2:103:18":8,"s:104:19:104:Infinity":53,"b:105:4:118:Infinity:117:11:118:Infinity":12,"s:105:4:118:Infinity":54,"b:106:6:107:Infinity:undefined:undefined:undefined:undefined":13,"s:106:6:107:Infinity":55,"s:107:8:107:Infinity":56,"s:109:6:116:Infinity":57,"f:109:17:109:35":9,"s:110:26:110:90":58,"s:111:8:111:Infinity":59,"b:112:8:114:Infinity:undefined:undefined:undefined:undefined":14,"s:112:8:114:Infinity":60,"s:113:10:113:Infinity":61,"s:114:10:114:Infinity":62,"s:118:6:118:Infinity":63,"s:120:4:120:Infinity":64,"f:120:4:120:17":10,"s:120:17:120:40":65,"s:123:8:124:Infinity":66,"f:123:8:123:28":11,"s:124:4:124:Infinity":67,"s:127:8:130:Infinity":68,"f:127:8:127:27":12,"s:128:4:128:Infinity":69,"s:129:4:129:Infinity":70,"s:130:4:130:Infinity":71,"s:133:8:136:Infinity":72,"f:133:8:133:22":13,"s:134:14:134:66":73,"s:135:10:135:56":74,"s:136:4:136:Infinity":75,"s:139:19:139:Infinity":76,"s:140:30:140:Infinity":77,"s:141:28:141:Infinity":78,"s:143:16:155:Infinity":79,"s:157:2:160:Infinity":80,"f:164:16:164:37":14,"s:165:8:165:41":81,"b:166:2:166:Infinity:undefined:undefined:undefined:undefined":15,"s:166:2:166:Infinity":82,"s:166:12:166:Infinity":83,"s:167:2:167:Infinity":84}}}
,"C:\\Users\\27296\\Desktop\\my-ai-project\\src\\utils\\promptTemplates.js": {"path":"C:\\Users\\27296\\Desktop\\my-ai-project\\src\\utils\\promptTemplates.js","statementMap":{"0":{"start":{"line":37,"column":4},"end":{"line":37,"column":52}},"1":{"start":{"line":37,"column":43},"end":{"line":37,"column":52}},"2":{"start":{"line":39,"column":14},"end":{"line":39,"column":18}},"3":{"start":{"line":43,"column":4},"end":{"line":43,"column":63}},"4":{"start":{"line":46,"column":30},"end":{"line":68,"column":5}},"5":{"start":{"line":70,"column":4},"end":{"line":72,"column":5}},"6":{"start":{"line":71,"column":8},"end":{"line":71,"column":43}},"7":{"start":{"line":75,"column":4},"end":{"line":75,"column":52}},"8":{"start":{"line":77,"column":4},"end":{"line":77,"column":21}},"9":{"start":{"line":85,"column":4},"end":{"line":88,"column":41}},"10":{"start":{"line":102,"column":20},"end":{"line":102,"column":49}},"11":{"start":{"line":103,"column":21},"end":{"line":103,"column":47}},"12":{"start":{"line":104,"column":4},"end":{"line":111,"column":5}},"13":{"start":{"line":121,"column":4},"end":{"line":123,"column":5}},"14":{"start":{"line":122,"column":8},"end":{"line":122,"column":45}},"15":{"start":{"line":125,"column":17},"end":{"line":139,"column":21}},"16":{"start":{"line":128,"column":22},"end":{"line":128,"column":62}},"17":{"start":{"line":129,"column":22},"end":{"line":129,"column":60}},"18":{"start":{"line":130,"column":25},"end":{"line":130,"column":56}},"19":{"start":{"line":131,"column":28},"end":{"line":131,"column":70}},"20":{"start":{"line":132,"column":12},"end":{"line":137,"column":13}},"21":{"start":{"line":141,"column":4},"end":{"line":146,"column":5}},"22":{"start":{"line":156,"column":20},"end":{"line":156,"column":50}},"23":{"start":{"line":158,"column":8},"end":{"line":160,"column":46}},"24":{"start":{"line":161,"column":4},"end":{"line":161,"column":51}},"25":{"start":{"line":173,"column":21},"end":{"line":176,"column":30}},"26":{"start":{"line":174,"column":18},"end":{"line":174,"column":38}},"27":{"start":{"line":178,"column":4},"end":{"line":187,"column":5}}},"fnMap":{"0":{"name":"sanitizeUserInput","decl":{"start":{"line":36,"column":16},"end":{"line":36,"column":33}},"loc":{"start":{"line":36,"column":40},"end":{"line":78,"column":1}},"line":36},"1":{"name":"buildDiarySummaryPrompt","decl":{"start":{"line":101,"column":16},"end":{"line":101,"column":39}},"loc":{"start":{"line":101,"column":63},"end":{"line":112,"column":1}},"line":101},"2":{"name":"buildMistakeAnalysisPrompt","decl":{"start":{"line":120,"column":16},"end":{"line":120,"column":42}},"loc":{"start":{"line":120,"column":53},"end":{"line":147,"column":1}},"line":120},"3":{"name":"(anonymous_3)","decl":{"start":{"line":127,"column":13},"end":{"line":127,"column":14}},"loc":{"start":{"line":127,"column":23},"end":{"line":138,"column":9}},"line":127},"4":{"name":"buildMentalMassagePrompt","decl":{"start":{"line":155,"column":16},"end":{"line":155,"column":40}},"loc":{"start":{"line":155,"column":59},"end":{"line":162,"column":1}},"line":155},"5":{"name":"buildSprintPlanPrompt","decl":{"start":{"line":172,"column":16},"end":{"line":172,"column":37}},"loc":{"start":{"line":172,"column":83},"end":{"line":188,"column":1}},"line":172},"6":{"name":"(anonymous_6)","decl":{"start":{"line":174,"column":13},"end":{"line":174,"column":14}},"loc":{"start":{"line":174,"column":18},"end":{"line":174,"column":38}},"line":174}},"branchMap":{"0":{"loc":{"start":{"line":37,"column":4},"end":{"line":37,"column":52}},"type":"if","locations":[{"start":{"line":37,"column":4},"end":{"line":37,"column":52}},{"start":{},"end":{}}],"line":37},"1":{"loc":{"start":{"line":37,"column":8},"end":{"line":37,"column":41}},"type":"binary-expr","locations":[{"start":{"line":37,"column":8},"end":{"line":37,"column":13}},{"start":{"line":37,"column":17},"end":{"line":37,"column":41}}],"line":37},"2":{"loc":{"start":{"line":101,"column":52},"end":{"line":101,"column":61}},"type":"default-arg","locations":[{"start":{"line":101,"column":59},"end":{"line":101,"column":61}}],"line":101},"3":{"loc":{"start":{"line":103,"column":21},"end":{"line":103,"column":47}},"type":"cond-expr","locations":[{"start":{"line":103,"column":28},"end":{"line":103,"column":42}},{"start":{"line":103,"column":45},"end":{"line":103,"column":47}}],"line":103},"4":{"loc":{"start":{"line":121,"column":4},"end":{"line":123,"column":5}},"type":"if","locations":[{"start":{"line":121,"column":4},"end":{"line":123,"column":5}},{"start":{},"end":{}}],"line":121},"5":{"loc":{"start":{"line":121,"column":8},"end":{"line":121,"column":42}},"type":"binary-expr","locations":[{"start":{"line":121,"column":8},"end":{"line":121,"column":17}},{"start":{"line":121,"column":21},"end":{"line":121,"column":42}}],"line":121},"6":{"loc":{"start":{"line":128,"column":40},"end":{"line":128,"column":61}},"type":"binary-expr","locations":[{"start":{"line":128,"column":40},"end":{"line":128,"column":50}},{"start":{"line":128,"column":54},"end":{"line":128,"column":61}}],"line":128},"7":{"loc":{"start":{"line":129,"column":40},"end":{"line":129,"column":59}},"type":"binary-expr","locations":[{"start":{"line":129,"column":40},"end":{"line":129,"column":48}},{"start":{"line":129,"column":52},"end":{"line":129,"column":59}}],"line":129},"8":{"loc":{"start":{"line":130,"column":43},"end":{"line":130,"column":55}},"type":"binary-expr","locations":[{"start":{"line":130,"column":43},"end":{"line":130,"column":49}},{"start":{"line":130,"column":53},"end":{"line":130,"column":55}}],"line":130},"9":{"loc":{"start":{"line":131,"column":46},"end":{"line":131,"column":69}},"type":"binary-expr","locations":[{"start":{"line":131,"column":46},"end":{"line":131,"column":60}},{"start":{"line":131,"column":64},"end":{"line":131,"column":69}}],"line":131},"10":{"loc":{"start":{"line":136,"column":17},"end":{"line":136,"column":43}},"type":"cond-expr","locations":[{"start":{"line":136,"column":24},"end":{"line":136,"column":38}},{"start":{"line":136,"column":41},"end":{"line":136,"column":43}}],"line":136},"11":{"loc":{"start":{"line":155,"column":41},"end":{"line":155,"column":57}},"type":"default-arg","locations":[{"start":{"line":155,"column":55},"end":{"line":155,"column":57}}],"line":155},"12":{"loc":{"start":{"line":161,"column":11},"end":{"line":161,"column":51}},"type":"cond-expr","locations":[{"start":{"line":161,"column":21},"end":{"line":161,"column":44}},{"start":{"line":161,"column":47},"end":{"line":161,"column":51}}],"line":161},"13":{"loc":{"start":{"line":172,"column":48},"end":{"line":172,"column":65}},"type":"default-arg","locations":[{"start":{"line":172,"column":63},"end":{"line":172,"column":65}}],"line":172},"14":{"loc":{"start":{"line":172,"column":67},"end":{"line":172,"column":81}},"type":"default-arg","locations":[{"start":{"line":172,"column":80},"end":{"line":172,"column":81}}],"line":172},"15":{"loc":{"start":{"line":173,"column":21},"end":{"line":176,"column":30}},"type":"binary-expr","locations":[{"start":{"line":173,"column":21},"end":{"line":176,"column":18}},{"start":{"line":176,"column":22},"end":{"line":176,"column":30}}],"line":173}},"s":{"0":9,"1":3,"2":6,"3":6,"4":6,"5":6,"6":120,"7":6,"8":6,"9":1,"10":0,"11":0,"12":0,"13":0,"14":0,"15":0,"16":0,"17":0,"18":0,"19":0,"20":0,"21":0,"22":0,"23":0,"24":0,"25":0,"26":0,"27":0},"f":{"0":9,"1":0,"2":0,"3":0,"4":0,"5":0,"6":0},"b":{"0":[3,6],"1":[9,6],"2":[0],"3":[0,0],"4":[0,0],"5":[0,0],"6":[0,0],"7":[0,0],"8":[0,0],"9":[0,0],"10":[0,0],"11":[0],"12":[0,0],"13":[0],"14":[0],"15":[0,0]},"meta":{"lastBranch":16,"lastFunction":7,"lastStatement":28,"seen":{"f:36:16:36:33":0,"b:37:4:37:52:undefined:undefined:undefined:undefined":0,"s:37:4:37:52":0,"b:37:8:37:13:37:17:37:41":1,"s:37:43:37:52":1,"s:39:14:39:18":2,"s:43:4:43:63":3,"s:46:30:68:5":4,"s:70:4:72:5":5,"s:71:8:71:43":6,"s:75:4:75:52":7,"s:77:4:77:21":8,"s:85:4:88:41":9,"f:101:16:101:39":1,"b:101:59:101:61":2,"s:102:20:102:49":10,"s:103:21:103:47":11,"b:103:28:103:42:103:45:103:47":3,"s:104:4:111:5":12,"f:120:16:120:42":2,"b:121:4:123:5:undefined:undefined:undefined:undefined":4,"s:121:4:123:5":13,"b:121:8:121:17:121:21:121:42":5,"s:122:8:122:45":14,"s:125:17:139:21":15,"f:127:13:127:14":3,"s:128:22:128:62":16,"b:128:40:128:50:128:54:128:61":6,"s:129:22:129:60":17,"b:129:40:129:48:129:52:129:59":7,"s:130:25:130:56":18,"b:130:43:130:49:130:53:130:55":8,"s:131:28:131:70":19,"b:131:46:131:60:131:64:131:69":9,"s:132:12:137:13":20,"b:136:24:136:38:136:41:136:43":10,"s:141:4:146:5":21,"f:155:16:155:40":4,"b:155:55:155:57":11,"s:156:20:156:50":22,"s:158:8:160:46":23,"s:161:4:161:51":24,"b:161:21:161:44:161:47:161:51":12,"f:172:16:172:37":5,"b:172:63:172:65":13,"b:172:80:172:81":14,"s:173:21:176:30":25,"b:173:21:176:18:176:22:176:30":15,"f:174:13:174:14":6,"s:174:18:174:38":26,"s:178:4:187:5":27}}}
}
